2024-11-28 06:22:38,126 [INFO] Activator:177 - 


2024-11-28 06:22:38,127 [INFO] Activator:178 - !SESSION log4j initialized
2024-11-28 06:23:51,997 [INFO] McuFinderGlobals:39 - Set McuFinder mode to 2 (CubeIDE integrated)
2024-11-28 06:23:52,393 [INFO] ApplicationProperties:181 - Using Application install path: C:\ST\STM32CubeIDE_1.7.0\STM32CubeIDE\plugins\com.st.stm32cube.common.mx_6.3.0.202107141111
2024-11-28 06:23:52,405 [INFO] DbMcusXml:74 - Set database path to: C:\ST\STM32CubeIDE_1.7.0\STM32CubeIDE\plugins\com.st.stm32cube.common.mx_6.3.0.202107141111\\db\/mcu/
2024-11-28 06:23:52,405 [INFO] DbBoardsPdsc:56 - Set plugin database path to: C:\ST\STM32CubeIDE_1.7.0\STM32CubeIDE\plugins\com.st.stm32cube.common.mx_6.3.0.202107141111\\db\/plugins/boardmanager/
2024-11-28 06:23:52,405 [INFO] DbMcus:258 - Set plugin images path to: C:\ST\STM32CubeIDE_1.7.0\STM32CubeIDE\plugins\com.st.stm32cube.common.mx_6.3.0.202107141111\\db\/plugins/mcufinder/images/
2024-11-28 06:23:52,405 [INFO] DbBoards:264 - Set plugin images path to: C:\ST\STM32CubeIDE_1.7.0\STM32CubeIDE\plugins\com.st.stm32cube.common.mx_6.3.0.202107141111\\db\/plugins/mcufinder/images/
2024-11-28 06:23:52,405 [INFO] DbExamples:333 - Set plugin images path to: C:\ST\STM32CubeIDE_1.7.0\STM32CubeIDE\plugins\com.st.stm32cube.common.mx_6.3.0.202107141111\\db\/plugins/mcufinder/images/
2024-11-28 06:23:52,405 [INFO] DbMcusAds:119 - Set database path to: C:\Users\FPTMSI\.stmcufinder\plugins\mcufinder//mcu/
2024-11-28 06:23:52,405 [INFO] DbMcusDocs:110 - Set database path to: C:\Users\FPTMSI\.stmcufinder\plugins\mcufinder//mcu/
2024-11-28 06:23:52,421 [INFO] DbMcusJson:64 - Set database path to: C:\Users\FPTMSI\.stmcufinder\plugins\mcufinder//mcu/
2024-11-28 06:23:52,421 [INFO] DbBoardsDocs:110 - Set database path to: C:\Users\FPTMSI\.stmcufinder\plugins\mcufinder//mcu/
2024-11-28 06:23:52,421 [INFO] DbBoardsJson:57 - Set database path to: C:\Users\FPTMSI\.stmcufinder\plugins\mcufinder//mcu/
2024-11-28 06:23:52,421 [INFO] CrossReferenceDbSqlite:196 - Set database path to: C:\Users\FPTMSI\.stmcufinder\plugins\mcufinder//mcu/cs/
2024-11-28 06:23:52,421 [INFO] DbExamplesSqlite:767 - Set database path to: C:\Users\FPTMSI\.stmcufinder\plugins\mcufinder//mcu/
2024-11-28 06:23:52,499 [INFO] RulesReader:57 - Compatibility file has been processed (242 Rules)
2024-11-28 06:23:52,562 [INFO] DbMcusXml:74 - Set database path to: C:\ST\STM32CubeIDE_1.7.0\STM32CubeIDE\plugins\com.st.stm32cube.common.mx_6.3.0.202107141111\\db\/mcu/
2024-11-28 06:23:52,578 [INFO] DbBoardsPdsc:56 - Set plugin database path to: C:\ST\STM32CubeIDE_1.7.0\STM32CubeIDE\plugins\com.st.stm32cube.common.mx_6.3.0.202107141111\\db\/plugins/boardmanager/
2024-11-28 06:23:52,578 [INFO] DbMcus:258 - Set plugin images path to: C:\ST\STM32CubeIDE_1.7.0\STM32CubeIDE\plugins\com.st.stm32cube.common.mx_6.3.0.202107141111\\db\/plugins/mcufinder/images/
2024-11-28 06:23:52,578 [INFO] DbBoards:264 - Set plugin images path to: C:\ST\STM32CubeIDE_1.7.0\STM32CubeIDE\plugins\com.st.stm32cube.common.mx_6.3.0.202107141111\\db\/plugins/mcufinder/images/
2024-11-28 06:23:52,578 [INFO] DbExamples:333 - Set plugin images path to: C:\ST\STM32CubeIDE_1.7.0\STM32CubeIDE\plugins\com.st.stm32cube.common.mx_6.3.0.202107141111\\db\/plugins/mcufinder/images/
2024-11-28 06:23:52,578 [WARN] DbFile:35 - Overriding database path with different value: C:\Users\FPTMSI\.stmcufinder\plugins\mcufinder/ => C:\Users\FPTMSI\.stmcufinder\plugins\mcufinder
2024-11-28 06:23:52,578 [INFO] DbMcusAds:119 - Set database path to: C:\Users\FPTMSI\.stmcufinder\plugins\mcufinder//mcu/
2024-11-28 06:23:52,578 [WARN] DbFile:35 - Overriding database path with different value: C:\Users\FPTMSI\.stmcufinder\plugins\mcufinder/ => C:\Users\FPTMSI\.stmcufinder\plugins\mcufinder
2024-11-28 06:23:52,578 [INFO] DbMcusDocs:110 - Set database path to: C:\Users\FPTMSI\.stmcufinder\plugins\mcufinder//mcu/
2024-11-28 06:23:52,578 [WARN] DbFile:35 - Overriding database path with different value: C:\Users\FPTMSI\.stmcufinder\plugins\mcufinder/ => C:\Users\FPTMSI\.stmcufinder\plugins\mcufinder
2024-11-28 06:23:52,578 [INFO] DbMcusJson:64 - Set database path to: C:\Users\FPTMSI\.stmcufinder\plugins\mcufinder//mcu/
2024-11-28 06:23:52,578 [WARN] DbFile:35 - Overriding database path with different value: C:\Users\FPTMSI\.stmcufinder\plugins\mcufinder/ => C:\Users\FPTMSI\.stmcufinder\plugins\mcufinder
2024-11-28 06:23:52,578 [INFO] DbBoardsDocs:110 - Set database path to: C:\Users\FPTMSI\.stmcufinder\plugins\mcufinder//mcu/
2024-11-28 06:23:52,578 [WARN] DbFile:35 - Overriding database path with different value: C:\Users\FPTMSI\.stmcufinder\plugins\mcufinder/ => C:\Users\FPTMSI\.stmcufinder\plugins\mcufinder
2024-11-28 06:23:52,578 [INFO] DbBoardsJson:57 - Set database path to: C:\Users\FPTMSI\.stmcufinder\plugins\mcufinder//mcu/
2024-11-28 06:23:52,578 [WARN] DbFile:35 - Overriding database path with different value: C:\Users\FPTMSI\.stmcufinder\plugins\mcufinder/ => C:\Users\FPTMSI\.stmcufinder\plugins\mcufinder
2024-11-28 06:23:52,578 [WARN] DbFile:35 - Overriding database path with different value: C:\Users\FPTMSI\.stmcufinder\plugins\mcufinder/ => C:\Users\FPTMSI\.stmcufinder\plugins\mcufinder
2024-11-28 06:23:52,578 [INFO] CrossReferenceDbSqlite:196 - Set database path to: C:\Users\FPTMSI\.stmcufinder\plugins\mcufinder//mcu/cs/
2024-11-28 06:23:52,578 [WARN] DbFile:35 - Overriding database path with different value: C:\Users\FPTMSI\.stmcufinder\plugins\mcufinder/ => C:\Users\FPTMSI\.stmcufinder\plugins\mcufinder
2024-11-28 06:23:52,578 [INFO] DbExamplesSqlite:767 - Set database path to: C:\Users\FPTMSI\.stmcufinder\plugins\mcufinder//mcu/
2024-11-28 06:23:52,625 [INFO] MainPanel:214 - HeapMemory: 403701760
2024-11-28 06:23:52,703 [INFO] DbMcusXml:74 - Set database path to: C:\ST\STM32CubeIDE_1.7.0\STM32CubeIDE\plugins\com.st.stm32cube.common.mx_6.3.0.202107141111\\db\/mcu/
2024-11-28 06:23:52,703 [INFO] DbBoardsPdsc:56 - Set plugin database path to: C:\ST\STM32CubeIDE_1.7.0\STM32CubeIDE\plugins\com.st.stm32cube.common.mx_6.3.0.202107141111\\db\/plugins/boardmanager/
2024-11-28 06:23:52,703 [INFO] DbMcus:258 - Set plugin images path to: C:\ST\STM32CubeIDE_1.7.0\STM32CubeIDE\plugins\com.st.stm32cube.common.mx_6.3.0.202107141111\\db\/plugins/mcufinder/images/
2024-11-28 06:23:52,703 [INFO] DbBoards:264 - Set plugin images path to: C:\ST\STM32CubeIDE_1.7.0\STM32CubeIDE\plugins\com.st.stm32cube.common.mx_6.3.0.202107141111\\db\/plugins/mcufinder/images/
2024-11-28 06:23:52,703 [INFO] DbExamples:333 - Set plugin images path to: C:\ST\STM32CubeIDE_1.7.0\STM32CubeIDE\plugins\com.st.stm32cube.common.mx_6.3.0.202107141111\\db\/plugins/mcufinder/images/
2024-11-28 06:23:52,703 [WARN] DbFile:35 - Overriding database path with different value: C:\Users\FPTMSI\.stmcufinder\plugins\mcufinder/ => C:\Users\FPTMSI\.stmcufinder\plugins\mcufinder
2024-11-28 06:23:52,703 [INFO] DbMcusAds:119 - Set database path to: C:\Users\FPTMSI\.stmcufinder\plugins\mcufinder//mcu/
2024-11-28 06:23:52,703 [WARN] DbFile:35 - Overriding database path with different value: C:\Users\FPTMSI\.stmcufinder\plugins\mcufinder/ => C:\Users\FPTMSI\.stmcufinder\plugins\mcufinder
2024-11-28 06:23:52,703 [INFO] DbMcusDocs:110 - Set database path to: C:\Users\FPTMSI\.stmcufinder\plugins\mcufinder//mcu/
2024-11-28 06:23:52,703 [WARN] DbFile:35 - Overriding database path with different value: C:\Users\FPTMSI\.stmcufinder\plugins\mcufinder/ => C:\Users\FPTMSI\.stmcufinder\plugins\mcufinder
2024-11-28 06:23:52,703 [INFO] DbMcusJson:64 - Set database path to: C:\Users\FPTMSI\.stmcufinder\plugins\mcufinder//mcu/
2024-11-28 06:23:52,703 [WARN] DbFile:35 - Overriding database path with different value: C:\Users\FPTMSI\.stmcufinder\plugins\mcufinder/ => C:\Users\FPTMSI\.stmcufinder\plugins\mcufinder
2024-11-28 06:23:52,703 [INFO] DbBoardsDocs:110 - Set database path to: C:\Users\FPTMSI\.stmcufinder\plugins\mcufinder//mcu/
2024-11-28 06:23:52,703 [WARN] DbFile:35 - Overriding database path with different value: C:\Users\FPTMSI\.stmcufinder\plugins\mcufinder/ => C:\Users\FPTMSI\.stmcufinder\plugins\mcufinder
2024-11-28 06:23:52,703 [INFO] DbBoardsJson:57 - Set database path to: C:\Users\FPTMSI\.stmcufinder\plugins\mcufinder//mcu/
2024-11-28 06:23:52,703 [WARN] DbFile:35 - Overriding database path with different value: C:\Users\FPTMSI\.stmcufinder\plugins\mcufinder/ => C:\Users\FPTMSI\.stmcufinder\plugins\mcufinder
2024-11-28 06:23:52,703 [WARN] DbFile:35 - Overriding database path with different value: C:\Users\FPTMSI\.stmcufinder\plugins\mcufinder/ => C:\Users\FPTMSI\.stmcufinder\plugins\mcufinder
2024-11-28 06:23:52,703 [INFO] CrossReferenceDbSqlite:196 - Set database path to: C:\Users\FPTMSI\.stmcufinder\plugins\mcufinder//mcu/cs/
2024-11-28 06:23:52,703 [WARN] DbFile:35 - Overriding database path with different value: C:\Users\FPTMSI\.stmcufinder\plugins\mcufinder/ => C:\Users\FPTMSI\.stmcufinder\plugins\mcufinder
2024-11-28 06:23:52,703 [INFO] DbExamplesSqlite:767 - Set database path to: C:\Users\FPTMSI\.stmcufinder\plugins\mcufinder//mcu/
2024-11-28 06:23:52,719 [INFO] ApplicationProperties:181 - Using Application install path: C:\ST\STM32CubeIDE_1.7.0\STM32CubeIDE\plugins\com.st.stm32cube.common.mx_6.3.0.202107141111
2024-11-28 06:23:52,719 [INFO] PluginManage:188 - Search for loadable plugins [exclusion list=, ]
2024-11-28 06:23:52,719 [INFO] PluginManage:302 - Check plugin analytics
2024-11-28 06:23:52,876 [INFO] AnalyticsPlugin:257 - Accepted Software Licenses: 
2024-11-28 06:23:52,876 [INFO] AnalyticsPlugin:259 - Accepted CMSIS Pack Licenses: 
2024-11-28 06:23:52,876 [INFO] AnalyticsPlugin:261 - Accepted Firmware Licenses: 
2024-11-28 06:23:52,876 [INFO] PluginManage:352 - Loaded plugin analytics (category:tool,tabindex:-1)
2024-11-28 06:23:52,876 [INFO] PluginManage:302 - Check plugin clock
2024-11-28 06:23:52,894 [INFO] PluginManage:352 - Loaded plugin clock (category:base,tabindex:2)
2024-11-28 06:23:52,894 [INFO] PluginManage:302 - Check plugin ddr
2024-11-28 06:23:52,894 [INFO] PluginManage:352 - Loaded plugin ddr (category:tool,tabindex:6)
2024-11-28 06:23:52,894 [INFO] PluginManage:302 - Check plugin filemanager
2024-11-28 06:23:53,018 [INFO] PluginManage:352 - Loaded plugin filemanager (category:base,tabindex:10)
2024-11-28 06:23:53,018 [INFO] PluginManage:302 - Check plugin ipmanager
2024-11-28 06:23:53,033 [INFO] PluginManage:352 - Loaded plugin ipmanager (category:base,tabindex:5)
2024-11-28 06:23:53,033 [INFO] PluginManage:302 - Check plugin pinoutandconfiguration
2024-11-28 06:23:53,049 [INFO] PluginManage:352 - Loaded plugin pinoutandconfiguration (category:base,tabindex:1)
2024-11-28 06:23:53,049 [INFO] PluginManage:302 - Check plugin pinoutconfig
2024-11-28 06:23:53,080 [INFO] PluginManage:352 - Loaded plugin pinoutconfig (category:base,tabindex:0)
2024-11-28 06:23:53,080 [INFO] PluginManage:302 - Check plugin power
2024-11-28 06:23:53,112 [INFO] PluginManage:352 - Loaded plugin power (category:power,tabindex:4)
2024-11-28 06:23:53,112 [INFO] PluginManage:302 - Check plugin projectmanager
2024-11-28 06:23:53,128 [INFO] PluginManage:352 - Loaded plugin projectmanager (category:projectmanager,tabindex:3)
2024-11-28 06:23:53,128 [INFO] PluginManage:302 - Check plugin thirdparty
2024-11-28 06:23:53,379 [INFO] PluginManage:352 - Loaded plugin thirdparty (category:base,tabindex:-1)
2024-11-28 06:23:53,379 [WARN] IntegrityCheckThread:78 - waiting for thirdparty lock release [integrity check]
2024-11-28 06:23:53,379 [INFO] PluginManage:302 - Check plugin tools
2024-11-28 06:23:53,379 [INFO] IntegrityCheckThread:80 - entering critical section [integrity check]
2024-11-28 06:23:53,379 [INFO] ThirdPartyUpdaterWithRetryManager:66 - Updater plugin not ready yet. [1/15]
2024-11-28 06:23:53,457 [INFO] PluginManage:352 - Loaded plugin tools (category:base,tabindex:7)
2024-11-28 06:23:53,457 [INFO] PluginManage:302 - Check plugin tutovideos
2024-11-28 06:23:53,661 [INFO] PluginManage:352 - Loaded plugin tutovideos (category:base,tabindex:-1)
2024-11-28 06:23:53,661 [INFO] PluginManage:302 - Check plugin updater
2024-11-28 06:23:53,677 [INFO] PluginManage:352 - Loaded plugin updater (category:base,tabindex:12)
2024-11-28 06:23:53,677 [INFO] PluginManage:275 - PluginManage : Loaded plugins [13]
2024-11-28 06:23:53,929 [INFO] PinOutPanel:1463 - setPackage(No Configuration,No Configuration)
2024-11-28 06:23:54,024 [INFO] IPUIPlugin:74 - create IPUIPlugin
2024-11-28 06:23:54,024 [INFO] PluginManager:213 - loadIPPluginJar : add adc
2024-11-28 06:23:54,070 [INFO] IPUIPlugin:74 - create IPUIPlugin
2024-11-28 06:23:54,070 [INFO] PluginManager:213 - loadIPPluginJar : add aes
2024-11-28 06:23:54,134 [INFO] IPUIPlugin:74 - create IPUIPlugin
2024-11-28 06:23:54,134 [INFO] PluginManager:213 - loadIPPluginJar : add can
2024-11-28 06:23:54,164 [INFO] IPUIPlugin:74 - create IPUIPlugin
2024-11-28 06:23:54,164 [INFO] PluginManager:213 - loadIPPluginJar : add comp
2024-11-28 06:23:54,196 [INFO] IPUIPlugin:74 - create IPUIPlugin
2024-11-28 06:23:54,196 [INFO] PluginManager:213 - loadIPPluginJar : add cryp
2024-11-28 06:23:54,243 [INFO] IPUIPlugin:74 - create IPUIPlugin
2024-11-28 06:23:54,243 [INFO] PluginManager:213 - loadIPPluginJar : add dfsdm
2024-11-28 06:23:54,258 [INFO] IPUIPlugin:74 - create IPUIPlugin
2024-11-28 06:23:54,258 [INFO] PluginManager:213 - loadIPPluginJar : add dma
2024-11-28 06:23:54,306 [INFO] IPUIPlugin:74 - create IPUIPlugin
2024-11-28 06:23:54,306 [INFO] PluginManager:213 - loadIPPluginJar : add dma3
2024-11-28 06:23:54,337 [INFO] IPUIPlugin:74 - create IPUIPlugin
2024-11-28 06:23:54,337 [INFO] PluginManager:213 - loadIPPluginJar : add fatfs
2024-11-28 06:23:54,400 [INFO] IPUIPlugin:74 - create IPUIPlugin
2024-11-28 06:23:54,400 [INFO] PluginManager:213 - loadIPPluginJar : add fmc
2024-11-28 06:23:54,415 [INFO] IPUIPlugin:74 - create IPUIPlugin
2024-11-28 06:23:54,415 [INFO] PluginManager:213 - loadIPPluginJar : add freertos
2024-11-28 06:23:54,447 [INFO] IPUIPlugin:74 - create IPUIPlugin
2024-11-28 06:23:54,447 [INFO] PluginManager:213 - loadIPPluginJar : add genericplugin
2024-11-28 06:23:54,525 [INFO] IPUIPlugin:74 - create IPUIPlugin
2024-11-28 06:23:54,525 [INFO] PluginManager:213 - loadIPPluginJar : add gfxmmu
2024-11-28 06:23:54,651 [INFO] IPUIPlugin:74 - create IPUIPlugin
2024-11-28 06:23:54,651 [INFO] PluginManager:213 - loadIPPluginJar : add gic
2024-11-28 06:23:54,666 [INFO] IPUIPlugin:74 - create IPUIPlugin
2024-11-28 06:23:54,666 [INFO] PluginManager:213 - loadIPPluginJar : add gpio
2024-11-28 06:23:54,729 [INFO] IPUIPlugin:74 - create IPUIPlugin
2024-11-28 06:23:54,729 [INFO] PluginManager:213 - loadIPPluginJar : add gtzc
2024-11-28 06:23:54,776 [INFO] IPUIPlugin:74 - create IPUIPlugin
2024-11-28 06:23:54,776 [INFO] PluginManager:213 - loadIPPluginJar : add hash
2024-11-28 06:23:54,823 [INFO] IPUIPlugin:74 - create IPUIPlugin
2024-11-28 06:23:54,823 [INFO] PluginManager:213 - loadIPPluginJar : add i2c
2024-11-28 06:23:54,870 [INFO] IPUIPlugin:74 - create IPUIPlugin
2024-11-28 06:23:54,870 [INFO] PluginManager:213 - loadIPPluginJar : add i2s
2024-11-28 06:23:54,886 [INFO] IPUIPlugin:74 - create IPUIPlugin
2024-11-28 06:23:54,886 [INFO] PluginManager:213 - loadIPPluginJar : add ipddr
2024-11-28 06:23:54,980 [INFO] IPUIPlugin:74 - create IPUIPlugin
2024-11-28 06:23:54,980 [INFO] PluginManager:213 - loadIPPluginJar : add linkedlist
2024-11-28 06:23:55,028 [INFO] IPUIPlugin:74 - create IPUIPlugin
2024-11-28 06:23:55,028 [INFO] PluginManager:213 - loadIPPluginJar : add lorawan
2024-11-28 06:23:55,059 [INFO] IPUIPlugin:74 - create IPUIPlugin
2024-11-28 06:23:55,059 [INFO] PluginManager:213 - loadIPPluginJar : add ltdc
2024-11-28 06:23:55,075 [INFO] IPUIPlugin:74 - create IPUIPlugin
2024-11-28 06:23:55,075 [INFO] PluginManager:213 - loadIPPluginJar : add mdma
2024-11-28 06:23:55,091 [INFO] IPUIPlugin:74 - create IPUIPlugin
2024-11-28 06:23:55,091 [INFO] PluginManager:213 - loadIPPluginJar : add nvic
2024-11-28 06:23:55,122 [INFO] IPUIPlugin:74 - create IPUIPlugin
2024-11-28 06:23:55,122 [INFO] PluginManager:213 - loadIPPluginJar : add opamp
2024-11-28 06:23:55,198 [INFO] IPUIPlugin:74 - create IPUIPlugin
2024-11-28 06:23:55,198 [INFO] PluginManager:213 - loadIPPluginJar : add openamp
2024-11-28 06:23:55,248 [INFO] IPUIPlugin:74 - create IPUIPlugin
2024-11-28 06:23:55,248 [INFO] PluginManager:213 - loadIPPluginJar : add pdm2pcm
2024-11-28 06:23:55,263 [INFO] IPUIPlugin:74 - create IPUIPlugin
2024-11-28 06:23:55,263 [INFO] PluginManager:213 - loadIPPluginJar : add plateformsettings
2024-11-28 06:23:55,298 [INFO] IPUIPlugin:74 - create IPUIPlugin
2024-11-28 06:23:55,298 [INFO] PluginManager:213 - loadIPPluginJar : add quadspi
2024-11-28 06:23:55,310 [INFO] IPUIPlugin:74 - create IPUIPlugin
2024-11-28 06:23:55,310 [INFO] PluginManager:213 - loadIPPluginJar : add resmgrutility
2024-11-28 06:23:55,373 [INFO] IPUIPlugin:74 - create IPUIPlugin
2024-11-28 06:23:55,373 [INFO] PluginManager:213 - loadIPPluginJar : add sai
2024-11-28 06:23:55,420 [INFO] IPUIPlugin:74 - create IPUIPlugin
2024-11-28 06:23:55,420 [INFO] PluginManager:213 - loadIPPluginJar : add spi
2024-11-28 06:23:55,498 [INFO] IPUIPlugin:74 - create IPUIPlugin
2024-11-28 06:23:55,498 [INFO] PluginManager:213 - loadIPPluginJar : add stm32_wpan
2024-11-28 06:23:55,545 [INFO] IPUIPlugin:74 - create IPUIPlugin
2024-11-28 06:23:55,545 [INFO] PluginManager:213 - loadIPPluginJar : add tim
2024-11-28 06:23:55,608 [INFO] IPUIPlugin:74 - create IPUIPlugin
2024-11-28 06:23:55,608 [INFO] PluginManager:213 - loadIPPluginJar : add touchsensing
2024-11-28 06:23:55,655 [INFO] IPUIPlugin:74 - create IPUIPlugin
2024-11-28 06:23:55,656 [INFO] PluginManager:213 - loadIPPluginJar : add tracer_emb
2024-11-28 06:23:55,687 [INFO] IPUIPlugin:74 - create IPUIPlugin
2024-11-28 06:23:55,687 [INFO] PluginManager:213 - loadIPPluginJar : add ts
2024-11-28 06:23:55,718 [INFO] IPUIPlugin:74 - create IPUIPlugin
2024-11-28 06:23:55,718 [INFO] PluginManager:213 - loadIPPluginJar : add tsc
2024-11-28 06:23:55,750 [INFO] IPUIPlugin:74 - create IPUIPlugin
2024-11-28 06:23:55,750 [INFO] PluginManager:213 - loadIPPluginJar : add ucpd
2024-11-28 06:23:55,799 [INFO] IPUIPlugin:74 - create IPUIPlugin
2024-11-28 06:23:55,799 [INFO] PluginManager:213 - loadIPPluginJar : add usart
2024-11-28 06:23:55,844 [INFO] IPUIPlugin:74 - create IPUIPlugin
2024-11-28 06:23:55,844 [INFO] PluginManager:213 - loadIPPluginJar : add usbx
2024-11-28 06:23:56,099 [FATAL] Updater:294 - Updater called before beeing initialized
2024-11-28 06:23:56,168 [FATAL] Updater:294 - Updater called before beeing initialized
2024-11-28 06:23:56,184 [INFO] DbMcusAds:47 - JSON generation date=Fri Sep 20 20:04:38 ICT 2024 (1726837478367)
2024-11-28 06:23:56,184 [FATAL] Updater:294 - Updater called before beeing initialized
2024-11-28 06:23:56,215 [WARN] DetailPanel:314 - Failed to get advertising image, set to default
2024-11-28 06:23:56,281 [FATAL] Updater:294 - Updater called before beeing initialized
2024-11-28 06:23:56,281 [FATAL] Updater:294 - Updater called before beeing initialized
2024-11-28 06:23:56,281 [FATAL] Updater:294 - Updater called before beeing initialized
2024-11-28 06:23:56,281 [WARN] DetailPanel:314 - Failed to get advertising image, set to default
2024-11-28 06:23:56,281 [FATAL] Updater:294 - Updater called before beeing initialized
2024-11-28 06:23:56,326 [ERROR] Updater:1075 - MainUpdater not yet initialized. External WinMGr cannot be set.
2024-11-28 06:23:56,326 [INFO] Updater:1012 - Updater Version found : 6.3.0
2024-11-28 06:23:56,357 [INFO] ApplicationProperties:181 - Using Application install path: C:\ST\STM32CubeIDE_1.7.0\STM32CubeIDE\plugins\com.st.stm32cube.common.mx_6.3.0.202107141111
2024-11-28 06:23:56,388 [INFO] ThirdPartyUpdaterWithRetryManager:66 - Updater plugin not ready yet. [2/15]
2024-11-28 06:23:56,609 [INFO] MainUpdater:2671 - connection check result : 10
2024-11-28 06:23:56,609 [INFO] MainUpdater:3359 - Updater definition file requires update
2024-11-28 06:23:56,609 [INFO] MainUpdater:265 - Updater Check For Update Now.
2024-11-28 06:23:56,609 [INFO] MicroXplorer:478 - Change Database Version : DB.6.0.30
2024-11-28 06:23:56,797 [INFO] ServerAccessManage:362 - Download File updaters.zip
2024-11-28 06:23:56,939 [INFO] FileExtend:235 - Unzip File : updaters.zip
2024-11-28 06:23:56,939 [INFO] FileExtend:250 - Standard Zip Deflate
2024-11-28 06:23:57,730 [INFO] ServerAccessManage:362 - Download File PacksControlFlags.xml
2024-11-28 06:23:57,968 [INFO] ServerAccessManage:362 - Download File cubemx.pidx
2024-11-28 06:23:58,043 [INFO] LoadServerUpdatesThread:339 - End of LoadServerUpdate Thread
2024-11-28 06:23:58,204 [INFO] CheckServerUpdateThread:112 - End of CheckServer Thread
2024-11-28 06:23:58,314 [INFO] MainUpdater:2671 - connection check result : 10
2024-11-28 06:23:58,330 [INFO] McuFinderGlobals:52 - Set McuFinderConnectedMode to true
2024-11-28 06:23:58,597 [INFO] ServerAccessManage:362 - Download File mcusAds.json._tmp_
2024-11-28 06:23:58,707 [INFO] LoadUrlFilesThread:145 - End of LoadUrlFiles Thread
2024-11-28 06:23:59,326 [INFO] ServerAccessManage:362 - Download File mcusDocs.json._tmp_
2024-11-28 06:23:59,390 [WARN] MainUpdater:1122 - Updater busy. Cannot search thirdparties
2024-11-28 06:23:59,390 [INFO] ThirdPartyUpdaterWithRetryManager:92 - Updater plugin is busy. [1/15]
2024-11-28 06:24:00,257 [INFO] LoadUrlFilesThread:145 - End of LoadUrlFiles Thread
2024-11-28 06:24:00,619 [INFO] ServerAccessManage:362 - Download File mcusFeaturesAndDescription.json._tmp_
2024-11-28 06:24:02,401 [WARN] MainUpdater:1122 - Updater busy. Cannot search thirdparties
2024-11-28 06:24:02,401 [INFO] ThirdPartyUpdaterWithRetryManager:92 - Updater plugin is busy. [2/15]
2024-11-28 06:24:03,878 [INFO] LoadUrlFilesThread:145 - End of LoadUrlFiles Thread
2024-11-28 06:24:04,156 [INFO] ServerAccessManage:362 - Download File boardsDocs.json._tmp_
2024-11-28 06:24:04,310 [INFO] LoadUrlFilesThread:145 - End of LoadUrlFiles Thread
2024-11-28 06:24:04,476 [INFO] ServerAccessManage:362 - Download File boards.json._tmp_
2024-11-28 06:24:04,772 [INFO] LoadUrlFilesThread:145 - End of LoadUrlFiles Thread
2024-11-28 06:24:04,978 [INFO] ServerAccessManage:362 - Download File cube-finder-db.zip
2024-11-28 06:24:05,403 [WARN] MainUpdater:1122 - Updater busy. Cannot search thirdparties
2024-11-28 06:24:05,403 [INFO] ThirdPartyUpdaterWithRetryManager:92 - Updater plugin is busy. [3/15]
2024-11-28 06:24:08,414 [WARN] MainUpdater:1122 - Updater busy. Cannot search thirdparties
2024-11-28 06:24:08,414 [INFO] ThirdPartyUpdaterWithRetryManager:92 - Updater plugin is busy. [4/15]
2024-11-28 06:24:11,418 [WARN] MainUpdater:1122 - Updater busy. Cannot search thirdparties
2024-11-28 06:24:11,418 [INFO] ThirdPartyUpdaterWithRetryManager:92 - Updater plugin is busy. [5/15]
2024-11-28 06:24:14,420 [WARN] MainUpdater:1122 - Updater busy. Cannot search thirdparties
2024-11-28 06:24:14,420 [INFO] ThirdPartyUpdaterWithRetryManager:92 - Updater plugin is busy. [6/15]
2024-11-28 06:24:17,423 [WARN] MainUpdater:1122 - Updater busy. Cannot search thirdparties
2024-11-28 06:24:17,423 [INFO] ThirdPartyUpdaterWithRetryManager:92 - Updater plugin is busy. [7/15]
2024-11-28 06:24:18,839 [INFO] FileExtend:235 - Unzip File : cube-finder-db.zip
2024-11-28 06:24:18,839 [INFO] FileExtend:250 - Standard Zip Deflate
2024-11-28 06:24:19,640 [INFO] LoadUrlFilesThread:145 - End of LoadUrlFiles Thread
2024-11-28 06:24:20,433 [WARN] MainUpdater:1122 - Updater busy. Cannot search thirdparties
2024-11-28 06:24:20,433 [INFO] ThirdPartyUpdaterWithRetryManager:92 - Updater plugin is busy. [8/15]
2024-11-28 06:24:20,813 [INFO] ServerAccessManage:362 - Download File crdb.zip
2024-11-28 06:24:22,468 [INFO] FileExtend:235 - Unzip File : crdb.zip
2024-11-28 06:24:22,468 [INFO] FileExtend:250 - Standard Zip Deflate
2024-11-28 06:24:22,613 [INFO] LoadUrlFilesThread:145 - End of LoadUrlFiles Thread
2024-11-28 06:24:22,830 [INFO] ServerAccessManage:362 - Download File tutoVideoDB.zip
2024-11-28 06:24:22,901 [INFO] FileExtend:235 - Unzip File : tutoVideoDB.zip
2024-11-28 06:24:22,901 [INFO] FileExtend:250 - Standard Zip Deflate
2024-11-28 06:24:23,026 [INFO] LoadUrlFilesThread:145 - End of LoadUrlFiles Thread
2024-11-28 06:24:23,031 [INFO] DbMcusAds:47 - JSON generation date=Fri Sep 20 20:04:38 ICT 2024 (1726837478367)
2024-11-28 06:24:23,089 [INFO] DbMcusDocs:143 - JSON generation date=Tue Nov 16 23:17:54 ICT 2021 (1637079474)
2024-11-28 06:24:23,089 [INFO] DbMcusXml:100 - Load MCU database from C:\ST\STM32CubeIDE_1.7.0\STM32CubeIDE\plugins\com.st.stm32cube.common.mx_6.3.0.202107141111\\db\/mcu/families.xml
2024-11-28 06:24:23,653 [ERROR] Engine:463 - C:\Users\FPTMSI\.stm32cubemx\thirdparties\pdsc\STMicroelectronics.FP-SNS-MOTENVWB1.1.4.0.pdsc: PDSC version is not supported
2024-11-28 06:24:23,684 [WARN] PackLoader:238 - Cannot read IP mode file for STMicroelectronics.FP-ATR-ASTRA1.2.0.1
2024-11-28 06:24:23,684 [ERROR] Engine:463 - C:\Users\FPTMSI\.stm32cubemx\thirdparties\pdsc\STMicroelectronics.X-CUBE-SMBUS.2.1.0.pdsc: PDSC version is not supported
2024-11-28 06:24:23,716 [WARN] PackLoader:238 - Cannot read IP mode file for STMicroelectronics.X-CUBE-WB05N.1.1.0
2024-11-28 06:24:23,778 [WARN] PackLoader:238 - Cannot read IP mode file for STMicroelectronics.X-CUBE-AZRTOS-F7.1.1.0
2024-11-28 06:24:23,841 [INFO] DbMcusJson:93 - JSON generation date=Tue Nov 16 23:17:54 ICT 2021 (1637079474)
2024-11-28 06:24:23,873 [WARN] PackLoader:238 - Cannot read IP mode file for STMicroelectronics.X-CUBE-MEMS1.11.0.0
2024-11-28 06:24:24,079 [ERROR] Engine:463 - C:\Users\FPTMSI\.stm32cubemx\thirdparties\pdsc\STMicroelectronics.FP-SNS-FLIGHT1.5.0.2.pdsc: PDSC version is not supported
2024-11-28 06:24:24,105 [ERROR] Engine:463 - C:\Users\FPTMSI\.stm32cubemx\thirdparties\pdsc\STMicroelectronics.X-CUBE-DISPLAY.3.0.0.pdsc: PDSC version is not supported
2024-11-28 06:24:24,111 [WARN] PackLoader:238 - Cannot read IP mode file for STMicroelectronics.X-CUBE-BLE1.7.0.0
2024-11-28 06:24:24,127 [WARN] PackLoader:238 - Cannot read IP mode file for STMicroelectronics.X-CUBE-NFC10.1.0.0
2024-11-28 06:24:24,158 [ERROR] Engine:463 - C:\Users\FPTMSI\.stm32cubemx\thirdparties\pdsc\emotas.I-CUBE-CANOPEN.1.3.0.pdsc: PDSC version is not supported
2024-11-28 06:24:24,158 [ERROR] Engine:463 - C:\Users\FPTMSI\.stm32cubemx\thirdparties\pdsc\STMicroelectronics.X-CUBE-BLEMGR.3.1.0.pdsc: PDSC version is not supported
2024-11-28 06:24:24,174 [ERROR] Engine:463 - C:\Users\FPTMSI\.stm32cubemx\thirdparties\pdsc\STMicroelectronics.FP-SNS-SMARTAG2.1.2.0.pdsc: PDSC version is not supported
2024-11-28 06:24:24,190 [INFO] LogOutputStream:76 - [STDOUT_REDIRECT] 1 : Invalid condition id : UX_CORESTACK_Condition cause : null
2024-11-28 06:24:24,190 [INFO] LogOutputStream:76 - [STDOUT_REDIRECT] 1 : Invalid condition id : UX_CORESTACK_Condition cause : null
2024-11-28 06:24:24,190 [INFO] LogOutputStream:76 - [STDOUT_REDIRECT] 1 : Invalid condition id : UX_CORESTACK_Condition cause : null
2024-11-28 06:24:24,190 [INFO] LogOutputStream:76 - [STDOUT_REDIRECT] 1 : Invalid condition id : UX_CORESTACK_Condition cause : null
2024-11-28 06:24:24,190 [INFO] LogOutputStream:76 - [STDOUT_REDIRECT] 1 : Invalid condition id : UX_CORESTACK_Condition cause : null
2024-11-28 06:24:24,205 [WARN] PackLoader:238 - Cannot read IP mode file for STMicroelectronics.X-CUBE-AZRTOS-WL.2.0.0
2024-11-28 06:24:24,205 [ERROR] Engine:463 - C:\Users\FPTMSI\.stm32cubemx\thirdparties\pdsc\STMicroelectronics.FP-SNS-MOTENV1.5.0.0.pdsc: PDSC version is not supported
2024-11-28 06:24:24,221 [WARN] PackLoader:238 - Cannot read IP mode file for wolfSSL.I-CUBE-wolfMQTT.1.19.0
2024-11-28 06:24:24,237 [WARN] PackLoader:238 - Cannot read IP mode file for WES.I-CUBE-Cesium.1.3.0
2024-11-28 06:24:24,253 [WARN] PackLoader:238 - Cannot read IP mode file for STMicroelectronics.X-CUBE-BLE2.3.3.0
2024-11-28 06:24:24,268 [WARN] PackLoader:238 - Cannot read IP mode file for STMicroelectronics.X-CUBE-NFC9.1.0.0
2024-11-28 06:24:24,284 [ERROR] Engine:463 - C:\Users\FPTMSI\.stm32cubemx\thirdparties\pdsc\STMicroelectronics.X-CUBE-TCPP.4.1.0.pdsc: PDSC version is not supported
2024-11-28 06:24:24,315 [WARN] PackLoader:238 - Cannot read IP mode file for STMicroelectronics.X-CUBE-AZRTOS-G0.1.1.0
2024-11-28 06:24:24,348 [WARN] PackLoader:238 - Cannot read IP mode file for STMicroelectronics.X-CUBE-SAFEA1.1.2.2
2024-11-28 06:24:24,362 [WARN] PackLoader:238 - Cannot read IP mode file for STMicroelectronics.X-CUBE-NFC4.3.0.0
2024-11-28 06:24:24,381 [ERROR] Engine:463 - C:\Users\FPTMSI\.stm32cubemx\thirdparties\pdsc\EmbeddedOffice.I-CUBE-FS-RTOS.1.0.1.pdsc: PDSC version is not supported
2024-11-28 06:24:24,394 [ERROR] Engine:463 - C:\Users\FPTMSI\.stm32cubemx\thirdparties\pdsc\RealThread.X-CUBE-RT-Thread_Nano.4.1.1.pdsc: PDSC version is not supported
2024-11-28 06:24:24,409 [WARN] PackLoader:238 - Cannot read IP mode file for STMicroelectronics.FP-ATR-SIGFOX1.3.2.0
2024-11-28 06:24:24,425 [WARN] PackLoader:238 - Cannot read IP mode file for wolfSSL.I-CUBE-wolfSSL.5.7.2
2024-11-28 06:24:24,425 [ERROR] Engine:463 - C:\Users\FPTMSI\.stm32cubemx\thirdparties\pdsc\quantropi.X-CUBE-qispace-sdk-base.1.9.3.pdsc: PDSC version is not supported
2024-11-28 06:24:24,448 [WARN] PackLoader:238 - Cannot read IP mode file for STMicroelectronics.X-CUBE-EEPRMA1.5.1.0
2024-11-28 06:24:24,457 [ERROR] Engine:463 - C:\Users\FPTMSI\.stm32cubemx\thirdparties\pdsc\ITTIA_DB.I-CUBE-ITTIADB.8.9.0.pdsc: PDSC version is not supported
2024-11-28 06:24:24,473 [INFO] DbMcus:175 - Found 1951 MCUs (1903 are supported by CubeMX, 1914 are visible in CubeMX)
2024-11-28 06:24:24,473 [INFO] ApiDb:251 - Load user favorites file C:\Users\FPTMSI/.stm32cubeide/favorites.mcus.txt: 0 item(s)
2024-11-28 06:24:24,473 [INFO] ApiDb:255 - User favorites MCUs=[]
2024-11-28 06:24:24,473 [INFO] DbMcus:187 - Set 0 / 0 favorites MCUs
2024-11-28 06:24:24,505 [WARN] PackLoader:238 - Cannot read IP mode file for SEGGER.I-CUBE-embOS.1.3.1
2024-11-28 06:24:24,568 [WARN] PackLoader:238 - Cannot read IP mode file for STMicroelectronics.X-CUBE-ALGOBUILD.1.4.0
2024-11-28 06:24:24,584 [WARN] PackLoader:238 - Cannot read IP mode file for STMicroelectronics.X-CUBE-AI.9.1.0
2024-11-28 06:24:24,615 [WARN] PackLoader:238 - Cannot read IP mode file for STMicroelectronics.X-CUBE-AZRTOS-F4.1.1.0
2024-11-28 06:24:24,631 [WARN] PackLoader:238 - Cannot read IP mode file for STMicroelectronics.X-CUBE-ISPU.2.1.0
2024-11-28 06:24:24,638 [ERROR] Engine:463 - C:\Users\FPTMSI\.stm32cubemx\thirdparties\pdsc\STMicroelectronics.X-CUBE-FREERTOS.1.2.0.pdsc: PDSC version is not supported
2024-11-28 06:24:24,663 [WARN] PackLoader:238 - Cannot read IP mode file for STMicroelectronics.X-CUBE-AZRTOS-L5.2.0.0
2024-11-28 06:24:24,679 [WARN] PackLoader:238 - Cannot read IP mode file for STMicroelectronics.X-CUBE-NFC6.3.1.0
2024-11-28 06:24:24,695 [ERROR] Engine:463 - C:\Users\FPTMSI\.stm32cubemx\thirdparties\pdsc\STMicroelectronics.X-CUBE-DPower.1.2.0.pdsc: PDSC version is not supported
2024-11-28 06:24:24,695 [WARN] PackLoader:238 - Cannot read IP mode file for STMicroelectronics.X-CUBE-NFC7.1.0.1
2024-11-28 06:24:24,726 [WARN] ConditionMgr:437 - getConditionDescription Invalid condition id : LAN8742 Phy interface Condition cause : null
2024-11-28 06:24:24,726 [WARN] PackLoader:238 - Cannot read IP mode file for STMicroelectronics.X-CUBE-AZRTOS-L4.2.0.0
2024-11-28 06:24:24,726 [WARN] ConditionMgr:1038 - genDependencies : Invalid condition id : LAN8742 Phy interface Condition cause : null
2024-11-28 06:24:24,726 [WARN] ConditionMgr:1038 - genDependencies : Invalid condition id : LAN8742 Phy interface Condition cause : null
2024-11-28 06:24:24,726 [WARN] ConditionMgr:1038 - genDependencies : Invalid condition id : LAN8742 Phy interface Condition cause : null
2024-11-28 06:24:24,755 [WARN] PackLoader:238 - Cannot read IP mode file for STMicroelectronics.X-CUBE-SFXS2LP1.4.0.0
2024-11-28 06:24:24,784 [WARN] PackLoader:238 - Cannot read IP mode file for STMicroelectronics.X-CUBE-AZRTOS-H7.3.3.0
2024-11-28 06:24:24,796 [ERROR] Engine:463 - C:\Users\FPTMSI\.stm32cubemx\thirdparties\pdsc\STMicroelectronics.X-CUBE-IPS.3.0.0.pdsc: PDSC version is not supported
2024-11-28 06:24:24,807 [WARN] ConditionMgr:437 - getConditionDescription Invalid condition id : UX DEVICE CLASS RTOS Condition cause : null
2024-11-28 06:24:24,807 [WARN] ConditionMgr:437 - getConditionDescription Invalid condition id : UX DEVICE CLASS RTOS Condition cause : null
2024-11-28 06:24:24,821 [WARN] PackLoader:238 - Cannot read IP mode file for STMicroelectronics.X-CUBE-AZRTOS-WB.2.0.0
2024-11-28 06:24:24,821 [WARN] ConditionMgr:1038 - genDependencies : Invalid condition id : UX DEVICE CLASS RTOS Condition cause : null
2024-11-28 06:24:24,821 [WARN] ConditionMgr:1038 - genDependencies : Invalid condition id : UX DEVICE CLASS RTOS Condition cause : null
2024-11-28 06:24:24,821 [WARN] ConditionMgr:1038 - genDependencies : Invalid condition id : UX DEVICE CLASS RTOS Condition cause : null
2024-11-28 06:24:24,821 [WARN] ConditionMgr:1038 - genDependencies : Invalid condition id : UX DEVICE CLASS RTOS Condition cause : null
2024-11-28 06:24:24,821 [WARN] ConditionMgr:1038 - genDependencies : Invalid condition id : UX DEVICE CLASS RTOS Condition cause : null
2024-11-28 06:24:24,821 [WARN] PackLoader:238 - Cannot read IP mode file for STMicroelectronics.X-CUBE-GNSS1.7.0.0
2024-11-28 06:24:24,821 [INFO] DbMcusDocs:79 - Found 682 MCUs documents
2024-11-28 06:24:24,837 [INFO] ApiDb:276 - Save user favorites file C:\Users\FPTMSI/.stm32cubeide/favorites.mcus.txt: 0 item(s)
2024-11-28 06:24:24,837 [INFO] ApiDb:280 - User favorites MCUs=[]
2024-11-28 06:24:24,837 [INFO] DbMcusXml:100 - Load MCU database from C:\ST\STM32CubeIDE_1.7.0\STM32CubeIDE\plugins\com.st.stm32cube.common.mx_6.3.0.202107141111\\db\/mcu/families.xml
2024-11-28 06:24:24,837 [ERROR] Engine:463 - C:\Users\FPTMSI\.stm32cubemx\thirdparties\pdsc\STMicroelectronics.FP-SNS-STBOX1.2.0.0.pdsc: PDSC version is not supported
2024-11-28 06:24:24,853 [WARN] PackLoader:238 - Cannot read IP mode file for STMicroelectronics.X-CUBE-SUBG2.5.0.0
2024-11-28 06:24:24,884 [ERROR] Engine:463 - C:\Users\FPTMSI\.stm32cubemx\thirdparties\pdsc\Cesanta.I-CUBE-Mongoose.7.13.0.pdsc: PDSC version is not supported
2024-11-28 06:24:24,901 [WARN] PackLoader:238 - Cannot read IP mode file for STMicroelectronics.X-CUBE-AZRTOS-G4.2.0.0
2024-11-28 06:24:24,917 [ERROR] Engine:463 - C:\Users\FPTMSI\.stm32cubemx\thirdparties\pdsc\STMicroelectronics.X-CUBE-ALS.1.0.2.pdsc: PDSC version is not supported
2024-11-28 06:24:24,931 [WARN] PackLoader:238 - Cannot read IP mode file for STMicroelectronics.X-CUBE-TOUCHGFX.4.24.1
2024-11-28 06:24:24,931 [WARN] PackLoader:238 - Cannot read IP mode file for wolfSSL.I-CUBE-wolfTPM.3.4.0
2024-11-28 06:24:24,949 [WARN] PackLoader:238 - Cannot read IP mode file for portGmbH.I-Cube-SoM-uGOAL.1.1.0
2024-11-28 06:24:24,979 [WARN] PackLoader:238 - Cannot read IP mode file for STMicroelectronics.X-CUBE-AZRTOS-H7RS.1.0.0
2024-11-28 06:24:24,979 [WARN] PackLoader:238 - Cannot read IP mode file for STMicroelectronics.FP-ATR-ASTRA1.2.0.0
2024-11-28 06:24:24,997 [ERROR] Engine:463 - C:\Users\FPTMSI\.stm32cubemx\thirdparties\pdsc\STMicroelectronics.X-CUBE-TOF1.3.4.2.pdsc: PDSC version is not supported
2024-11-28 06:24:25,043 [ERROR] Engine:463 - C:\Users\FPTMSI\.stm32cubemx\thirdparties\pdsc\Infineon.AIROC-Wi-Fi-Bluetooth-STM32.1.6.1.pdsc: PDSC version is not supported
2024-11-28 06:24:25,059 [WARN] PackLoader:238 - Cannot read IP mode file for wolfSSL.I-CUBE-wolfSSH.1.4.17
2024-11-28 06:24:25,059 [INFO] ThirdParty:915 - Integrity check success = true
2024-11-28 06:24:25,059 [INFO] IntegrityCheckThread:94 - exiting critical section [integrity check]
2024-11-28 06:24:25,059 [INFO] IntegrityCheckThread:97 - End integrity checks thread
2024-11-28 06:24:25,390 [INFO] DbMcusJson:93 - JSON generation date=Tue Nov 16 23:17:54 ICT 2021 (1637079474)
2024-11-28 06:24:25,831 [INFO] DbMcus:175 - Found 1951 MCUs (1903 are supported by CubeMX, 1914 are visible in CubeMX)
2024-11-28 06:24:25,831 [INFO] ApiDb:251 - Load user favorites file C:\Users\FPTMSI/.stm32cubeide/favorites.mcus.txt: 0 item(s)
2024-11-28 06:24:25,831 [INFO] ApiDb:255 - User favorites MCUs=[]
2024-11-28 06:24:25,831 [INFO] DbMcus:187 - Set 0 / 0 favorites MCUs
2024-11-28 06:24:25,831 [INFO] DbBoardsDocs:143 - JSON generation date=Tue Nov 16 23:17:54 ICT 2021 (1637079474)
2024-11-28 06:24:25,856 [INFO] DbBoardsPdsc:90 - Found 25 items
2024-11-28 06:24:25,862 [INFO] DbBoardsPdsc:90 - Found 9 items
2024-11-28 06:24:25,878 [INFO] DbBoardsPdsc:90 - Found 33 items
2024-11-28 06:24:25,878 [INFO] DbBoardsPdsc:90 - Found 1 items
2024-11-28 06:24:25,893 [INFO] DbBoardsPdsc:90 - Found 48 items
2024-11-28 06:24:25,909 [INFO] DbBoardsPdsc:90 - Found 43 items
2024-11-28 06:24:25,924 [INFO] DbBoardsPdsc:90 - Found 2 items
2024-11-28 06:24:25,924 [INFO] DbBoardsPdsc:90 - Found 5 items
2024-11-28 06:24:25,924 [WARN] DbBoardsPdsc:254 - Board STM32H7B3I-DK: unknown feature type=Audio, name=, username=Audio stereo codec with Headphone Amp (CS42L51-CNZ), n=1
2024-11-28 06:24:25,924 [WARN] DbBoardsPdsc:254 - Board STM32H735G-DK: unknown feature type=Audio, name=, username=Audio stereo codec with Headphone Amp (WM8994ECS/R), n=1
2024-11-28 06:24:25,924 [WARN] DbBoardsPdsc:254 - Board STM32H7B3I-EVAL: unknown feature type=Audio, name=, username=Multi-Channel Audio Codec (CS42L51-CNZ), n=1
2024-11-28 06:24:25,924 [WARN] DbBoardsPdsc:254 - Board STM32H7B3I-EVAL: unknown feature type=Meter, name=, username=Power-metering and Temperature-monitoring with sigma-delta modulators, n=1
2024-11-28 06:24:25,924 [WARN] DbBoardsPdsc:254 - Board STM32H7B3I-EVAL: unknown feature type=Motor, name=, username=Motor Control, n=1
2024-11-28 06:24:25,924 [WARN] DbBoardsPdsc:254 - Board STM32U575I-EV: unknown feature type=joystick, name=, username=4-direction joystick with selection button, n=1
2024-11-28 06:24:25,956 [INFO] DbBoardsJson:86 - JSON generation date=Tue Nov 16 23:17:54 ICT 2021 (1637079474)
2024-11-28 06:24:25,973 [INFO] DbBoards:117 - Found 167 boards (163 are supported by CubeMX)
2024-11-28 06:24:25,973 [INFO] DbBoardsDocs:143 - JSON generation date=Tue Nov 16 23:17:54 ICT 2021 (1637079474)
2024-11-28 06:24:25,973 [INFO] DbBoardsDocs:79 - Found 209 boards documents
2024-11-28 06:24:25,973 [WARN] DbBoards:127 - board B-L475E-IOT01A2 has no document id list !
2024-11-28 06:24:25,973 [WARN] DbBoards:127 - board NUCLEO-H743ZI has no document id list !
2024-11-28 06:24:25,973 [WARN] DbBoards:127 - board NUCLEO-WL55JC2 has no document id list !
2024-11-28 06:24:25,973 [WARN] DbBoards:127 - board P-NUCLEO-WB55-Nucleo has no document id list !
2024-11-28 06:24:25,973 [WARN] DbBoards:127 - board P-NUCLEO-WB55-USBDongle has no document id list !
2024-11-28 06:24:25,973 [WARN] DbBoards:127 - board STEVAL-BFA001V1B has no document id list !
2024-11-28 06:24:25,973 [WARN] DbBoards:127 - board STEVAL-BFA001V2B has no document id list !
2024-11-28 06:24:25,973 [WARN] DbBoards:127 - board STEVAL-IDP005V1 has no document id list !
2024-11-28 06:24:25,973 [WARN] DbBoards:127 - board STEVAL-IDP005V2 has no document id list !
2024-11-28 06:24:25,973 [WARN] DbBoards:127 - board STEVAL-MKSBOX1V1 has no document id list !
2024-11-28 06:24:25,973 [WARN] DbBoards:127 - board STEVAL-STWINKT1 has no document id list !
2024-11-28 06:24:25,973 [WARN] DbBoards:127 - board STEVAL-STWINKT1B has no document id list !
2024-11-28 06:24:25,973 [WARN] DbBoards:127 - board STM32439I-EVAL2 has no document id list !
2024-11-28 06:24:25,973 [WARN] DbBoards:127 - board STM32F401C-DISCO has no document id list !
2024-11-28 06:24:25,973 [WARN] DbBoards:127 - board STM32F769I-DISC1 has no document id list !
2024-11-28 06:24:25,973 [WARN] DbBoards:127 - board STM32G474E-EVAL1 has no document id list !
2024-11-28 06:24:25,973 [WARN] DbBoards:127 - board STM32H743I-EVAL2 has no document id list !
2024-11-28 06:24:25,973 [WARN] DbBoards:127 - board STM32H747I-DISC1 has no document id list !
2024-11-28 06:24:25,973 [WARN] DbBoards:127 - board STM32H753I-EVAL2 has no document id list !
2024-11-28 06:24:25,973 [WARN] DbBoards:127 - board STM32L-DISCOVERY has no document id list !
2024-11-28 06:24:26,114 [ERROR] DbBoards:189 - Image file not found for board B-U585I-IOT02A: C:\ST\STM32CubeIDE_1.7.0\STM32CubeIDE\plugins\com.st.stm32cube.common.mx_6.3.0.202107141111\\db\/plugins/mcufinder/images/boards/B-U585I-IOT02A_small.jpg
2024-11-28 06:24:26,195 [ERROR] DbBoards:189 - Image file not found for board NUCLEO-F413ZH: C:\ST\STM32CubeIDE_1.7.0\STM32CubeIDE\plugins\com.st.stm32cube.common.mx_6.3.0.202107141111\\db\/plugins/mcufinder/images/boards/nucleo-f413zh_small.jpg
2024-11-28 06:24:26,400 [ERROR] DbBoards:189 - Image file not found for board NUCLEO-L552ZE-Q: C:\ST\STM32CubeIDE_1.7.0\STM32CubeIDE\plugins\com.st.stm32cube.common.mx_6.3.0.202107141111\\db\/plugins/mcufinder/images/boards/nucleo_l552ze_q_small.jpg
2024-11-28 06:24:26,400 [ERROR] DbBoards:189 - Image file not found for board NUCLEO-U575ZI-Q: C:\ST\STM32CubeIDE_1.7.0\STM32CubeIDE\plugins\com.st.stm32cube.common.mx_6.3.0.202107141111\\db\/plugins/mcufinder/images/boards/nucleo-u575zi-q_small.jpg
2024-11-28 06:24:26,400 [ERROR] DbBoards:189 - Image file not found for board NUCLEO-WB15CC: C:\ST\STM32CubeIDE_1.7.0\STM32CubeIDE\plugins\com.st.stm32cube.common.mx_6.3.0.202107141111\\db\/plugins/mcufinder/images/boards/nucleo-wb15cc_small.jpg
2024-11-28 06:24:26,400 [ERROR] DbBoards:189 - Image file not found for board NUCLEO-WB55RG: C:\ST\STM32CubeIDE_1.7.0\STM32CubeIDE\plugins\com.st.stm32cube.common.mx_6.3.0.202107141111\\db\/plugins/mcufinder/images/boards/nucleo-wb55rg_small.jpg
2024-11-28 06:24:27,265 [INFO] ApiDb:251 - Load user favorites file C:\Users\FPTMSI/.stm32cubeide/favorites.boards.txt: 0 item(s)
2024-11-28 06:24:27,265 [INFO] ApiDb:255 - User favorites Boards=[]
2024-11-28 06:24:27,265 [INFO] DbBoards:206 - Set 0 / 0 favorites Boards
2024-11-28 06:24:27,265 [INFO] DbBoardsDocs:79 - Found 418 boards documents
2024-11-28 06:24:27,265 [INFO] ApiDb:276 - Save user favorites file C:\Users\FPTMSI/.stm32cubeide/favorites.boards.txt: 0 item(s)
2024-11-28 06:24:27,265 [INFO] ApiDb:280 - User favorites Boards=[]
2024-11-28 06:24:27,281 [INFO] DbBoardsPdsc:90 - Found 25 items
2024-11-28 06:24:27,281 [INFO] DbBoardsPdsc:90 - Found 9 items
2024-11-28 06:24:27,281 [INFO] DbBoardsPdsc:90 - Found 33 items
2024-11-28 06:24:27,281 [INFO] DbBoardsPdsc:90 - Found 1 items
2024-11-28 06:24:27,281 [INFO] DbBoardsPdsc:90 - Found 48 items
2024-11-28 06:24:27,281 [INFO] DbBoardsPdsc:90 - Found 43 items
2024-11-28 06:24:27,281 [INFO] DbBoardsPdsc:90 - Found 2 items
2024-11-28 06:24:27,281 [INFO] DbBoardsPdsc:90 - Found 5 items
2024-11-28 06:24:27,296 [WARN] DbBoardsPdsc:254 - Board STM32H7B3I-DK: unknown feature type=Audio, name=, username=Audio stereo codec with Headphone Amp (CS42L51-CNZ), n=1
2024-11-28 06:24:27,296 [WARN] DbBoardsPdsc:254 - Board STM32H735G-DK: unknown feature type=Audio, name=, username=Audio stereo codec with Headphone Amp (WM8994ECS/R), n=1
2024-11-28 06:24:27,296 [WARN] DbBoardsPdsc:254 - Board STM32H7B3I-EVAL: unknown feature type=Audio, name=, username=Multi-Channel Audio Codec (CS42L51-CNZ), n=1
2024-11-28 06:24:27,296 [WARN] DbBoardsPdsc:254 - Board STM32H7B3I-EVAL: unknown feature type=Meter, name=, username=Power-metering and Temperature-monitoring with sigma-delta modulators, n=1
2024-11-28 06:24:27,296 [WARN] DbBoardsPdsc:254 - Board STM32H7B3I-EVAL: unknown feature type=Motor, name=, username=Motor Control, n=1
2024-11-28 06:24:27,296 [WARN] DbBoardsPdsc:254 - Board STM32U575I-EV: unknown feature type=joystick, name=, username=4-direction joystick with selection button, n=1
2024-11-28 06:24:27,312 [INFO] DbBoardsJson:86 - JSON generation date=Tue Nov 16 23:17:54 ICT 2021 (1637079474)
2024-11-28 06:24:27,329 [INFO] DbBoards:117 - Found 167 boards (163 are supported by CubeMX)
2024-11-28 06:24:27,329 [WARN] DbBoards:127 - board B-L475E-IOT01A2 has no document id list !
2024-11-28 06:24:27,329 [WARN] DbBoards:127 - board NUCLEO-H743ZI has no document id list !
2024-11-28 06:24:27,329 [WARN] DbBoards:127 - board NUCLEO-WL55JC2 has no document id list !
2024-11-28 06:24:27,329 [WARN] DbBoards:127 - board P-NUCLEO-WB55-Nucleo has no document id list !
2024-11-28 06:24:27,329 [WARN] DbBoards:127 - board P-NUCLEO-WB55-USBDongle has no document id list !
2024-11-28 06:24:27,329 [WARN] DbBoards:127 - board STEVAL-BFA001V1B has no document id list !
2024-11-28 06:24:27,329 [WARN] DbBoards:127 - board STEVAL-BFA001V2B has no document id list !
2024-11-28 06:24:27,329 [WARN] DbBoards:127 - board STEVAL-IDP005V1 has no document id list !
2024-11-28 06:24:27,329 [WARN] DbBoards:127 - board STEVAL-IDP005V2 has no document id list !
2024-11-28 06:24:27,329 [WARN] DbBoards:127 - board STEVAL-MKSBOX1V1 has no document id list !
2024-11-28 06:24:27,329 [WARN] DbBoards:127 - board STEVAL-STWINKT1 has no document id list !
2024-11-28 06:24:27,329 [WARN] DbBoards:127 - board STEVAL-STWINKT1B has no document id list !
2024-11-28 06:24:27,329 [WARN] DbBoards:127 - board STM32439I-EVAL2 has no document id list !
2024-11-28 06:24:27,329 [WARN] DbBoards:127 - board STM32F401C-DISCO has no document id list !
2024-11-28 06:24:27,329 [WARN] DbBoards:127 - board STM32F769I-DISC1 has no document id list !
2024-11-28 06:24:27,329 [WARN] DbBoards:127 - board STM32G474E-EVAL1 has no document id list !
2024-11-28 06:24:27,329 [WARN] DbBoards:127 - board STM32H743I-EVAL2 has no document id list !
2024-11-28 06:24:27,329 [WARN] DbBoards:127 - board STM32H747I-DISC1 has no document id list !
2024-11-28 06:24:27,329 [WARN] DbBoards:127 - board STM32H753I-EVAL2 has no document id list !
2024-11-28 06:24:27,329 [WARN] DbBoards:127 - board STM32L-DISCOVERY has no document id list !
2024-11-28 06:24:27,407 [ERROR] DbBoards:189 - Image file not found for board B-U585I-IOT02A: C:\ST\STM32CubeIDE_1.7.0\STM32CubeIDE\plugins\com.st.stm32cube.common.mx_6.3.0.202107141111\\db\/plugins/mcufinder/images/boards/B-U585I-IOT02A_small.jpg
2024-11-28 06:24:27,470 [ERROR] DbBoards:189 - Image file not found for board NUCLEO-F413ZH: C:\ST\STM32CubeIDE_1.7.0\STM32CubeIDE\plugins\com.st.stm32cube.common.mx_6.3.0.202107141111\\db\/plugins/mcufinder/images/boards/nucleo-f413zh_small.jpg
2024-11-28 06:24:27,658 [ERROR] DbBoards:189 - Image file not found for board NUCLEO-L552ZE-Q: C:\ST\STM32CubeIDE_1.7.0\STM32CubeIDE\plugins\com.st.stm32cube.common.mx_6.3.0.202107141111\\db\/plugins/mcufinder/images/boards/nucleo_l552ze_q_small.jpg
2024-11-28 06:24:27,658 [ERROR] DbBoards:189 - Image file not found for board NUCLEO-U575ZI-Q: C:\ST\STM32CubeIDE_1.7.0\STM32CubeIDE\plugins\com.st.stm32cube.common.mx_6.3.0.202107141111\\db\/plugins/mcufinder/images/boards/nucleo-u575zi-q_small.jpg
2024-11-28 06:24:27,658 [ERROR] DbBoards:189 - Image file not found for board NUCLEO-WB15CC: C:\ST\STM32CubeIDE_1.7.0\STM32CubeIDE\plugins\com.st.stm32cube.common.mx_6.3.0.202107141111\\db\/plugins/mcufinder/images/boards/nucleo-wb15cc_small.jpg
2024-11-28 06:24:27,658 [ERROR] DbBoards:189 - Image file not found for board NUCLEO-WB55RG: C:\ST\STM32CubeIDE_1.7.0\STM32CubeIDE\plugins\com.st.stm32cube.common.mx_6.3.0.202107141111\\db\/plugins/mcufinder/images/boards/nucleo-wb55rg_small.jpg
2024-11-28 06:24:28,239 [INFO] ApiDb:251 - Load user favorites file C:\Users\FPTMSI/.stm32cubeide/favorites.boards.txt: 0 item(s)
2024-11-28 06:24:28,239 [INFO] ApiDb:255 - User favorites Boards=[]
2024-11-28 06:24:28,239 [INFO] DbBoards:206 - Set 0 / 0 favorites Boards
2024-11-28 06:24:28,252 [INFO] LoadUrlFilesThread:172 - End of LoadServerUrlFiles without Thread
2024-11-28 06:24:28,252 [INFO] TargetSelectorAdapter:224 - Refresh data is successful
2024-11-28 06:24:28,317 [INFO] ApiDb:479 - Connected to CubeFinder SQLite database (C:\Users\FPTMSI\.stmcufinder\plugins\mcufinder\mcu\cube-finder-db.db)
2024-11-28 06:24:28,899 [ERROR] DbExamplesSqlite:446 - Missing JSON key: board_cpn
2024-11-28 06:24:28,899 [ERROR] DbExamplesSqlite:446 - Missing JSON key: board_cpn
2024-11-28 06:24:28,899 [ERROR] DbExamplesSqlite:446 - Missing JSON key: board_cpn
2024-11-28 06:24:28,899 [ERROR] DbExamplesSqlite:446 - Missing JSON key: board_cpn
2024-11-28 06:24:28,993 [ERROR] DbExamplesSqlite:446 - Missing JSON key: board_cpn
2024-11-28 06:24:28,993 [ERROR] DbExamplesSqlite:446 - Missing JSON key: board_cpn
2024-11-28 06:24:28,993 [ERROR] DbExamplesSqlite:446 - Missing JSON key: board_cpn
2024-11-28 06:24:28,993 [ERROR] DbExamplesSqlite:446 - Missing JSON key: board_cpn
2024-11-28 06:24:28,993 [ERROR] DbExamplesSqlite:446 - Missing JSON key: board_cpn
2024-11-28 06:24:28,993 [ERROR] DbExamplesSqlite:446 - Missing JSON key: board_cpn
2024-11-28 06:24:28,993 [ERROR] DbExamplesSqlite:446 - Missing JSON key: board_cpn
2024-11-28 06:24:28,993 [ERROR] DbExamplesSqlite:446 - Missing JSON key: board_cpn
2024-11-28 06:24:28,993 [ERROR] DbExamplesSqlite:446 - Missing JSON key: board_cpn
2024-11-28 06:24:29,088 [INFO] DbExamplesSqlite:411 - Ignored 77 examples not supported by CubeIDE
2024-11-28 06:24:29,088 [INFO] DbExamplesSqlite:412 - Found 10474 examples active
2024-11-28 06:24:29,088 [INFO] DbExamplesSqlite:413 - Found 0 examples obsolete
2024-11-28 06:24:29,088 [INFO] DbExamplesSqlite:414 - Found 0 examples under development
2024-11-28 06:24:29,088 [INFO] DbExamplesSqlite:415 - Found 43 examples not building
2024-11-28 06:24:29,153 [INFO] DbExamplesSqlite:108 - CubeFinder database Data Model version=2.1
2024-11-28 06:24:29,153 [INFO] DbExamplesSqlite:109 - CubeFinder database Configuration version=3.0.39
2024-11-28 06:24:29,153 [INFO] DbExamplesSqlite:110 - CubeFinder database generation date=2024-11-21 (1732182206)
2024-11-28 06:24:29,153 [INFO] DbExamplesSqlite:111 - CubeFinder database FW Pack versions=[FP-ATR-ASTRA1_V2.0.0, FP-SNS-FLIGHT1_V5.0.2, FP-SNS-MOTENV1_V5.0.0, FP-SNS-MOTENVWB1_V1.4.0, FP-SNS-SMARTAG2_V1.2.0, FP-SNS-STBOX1_V2.0.0, STM32Cube_FW_C0_V1.3.0, STM32Cube_FW_F4_V1.28.1, STM32Cube_FW_F7_V1.17.2, STM32Cube_FW_G0_V1.6.2, STM32Cube_FW_G4_V1.6.1, STM32Cube_FW_H5_V1.4.0, STM32Cube_FW_H7RS_V1.1.0, STM32Cube_FW_H7_V1.12.0, STM32Cube_FW_L0_V1.12.2, STM32Cube_FW_L4_V1.18.1, STM32Cube_FW_L5_V1.5.1, STM32Cube_FW_N6_V1.0.0, STM32Cube_FW_U0_V1.2.0, STM32Cube_FW_U3_V1.0.0, STM32Cube_FW_U5_V1.7.0, STM32Cube_FW_WB0_V1.1.0, STM32Cube_FW_WBA_V1.5.0, STM32Cube_FW_WB_V1.21.0, STM32Cube_FW_WL3_V1.0.0, STM32Cube_FW_WL_V1.3.0, X-CUBE-ALGOBUILD_V1.4.0, X-CUBE-ALS_V1.0.2, X-CUBE-AZRTOS-F4_V1.1.0, X-CUBE-AZRTOS-F7_V1.1.0, X-CUBE-AZRTOS-G0_V1.1.0, X-CUBE-AZRTOS-G4_V2.0.0, X-CUBE-AZRTOS-H7RS_V1.0.0, X-CUBE-AZRTOS-H7_V3.3.0, X-CUBE-AZRTOS-L4_V2.0.0, X-CUBE-AZRTOS-L5_V2.0.0, X-CUBE-AZRTOS-WB_V2.0.0, X-CUBE-AZRTOS-WL_V2.0.0, X-CUBE-BLE1_V7.0.0, X-CUBE-BLE2_V3.3.0, X-CUBE-BLEMGR_V3.1.0, X-CUBE-EEPRMA1_V5.1.0, X-CUBE-FREERTOS_V1.2.0, X-CUBE-GNSS1_V6.0.0, X-CUBE-MEMS1_V11.0.0, X-CUBE-NFC4_V3.0.0, X-CUBE-NFC7_V1.0.1, X-CUBE-SFXS2LP1_V4.0.0, X-CUBE-SUBG2_V5.0.0, X-CUBE-TOF1_V3.4.2]
2024-11-28 06:24:29,153 [INFO] DbExamples:130 - Found 10440 examples
2024-11-28 06:24:29,796 [ERROR] DbExamples:206 - Found 10440 examples with invalid data (board or MCU)
2024-11-28 06:24:29,796 [INFO] DbExamples:222 - Found 96 boards with related examples
2024-11-28 06:24:29,796 [INFO] DbExamples:235 - Found 0 MCUs with related examples
2024-11-28 06:24:29,811 [INFO] ApiDb:242 - User favorites file not found: C:\Users\FPTMSI/.stm32cubeide/favorites.examples.txt
2024-11-28 06:24:29,811 [INFO] DbExamples:256 - Set 0 / 0 favorites Examples
2024-11-28 06:24:30,096 [INFO] McuFinderGlobals:52 - Set McuFinderConnectedMode to false
2024-11-28 06:24:30,175 [INFO] CrossSelectorPresenter:1330 - Cross Selector saved comparison directory: C:\Users\FPTMSI\.stmcufinder\plugins\mcufinder\mcu\cs_comparisons_mx
2024-11-28 06:24:30,175 [INFO] MultiScanPanel:197 - Auto-refresh data requested => check proxy status ongoing
2024-11-28 06:24:30,175 [INFO] MultiScanPanel:201 - Proxy status is invalid
2024-11-28 06:24:30,175 [INFO] FinderPluginLoader:87 - Searching for filters in installed packs
2024-11-28 06:24:30,537 [INFO] DetailPanel:309 - Set advertising image to C:/Users/FPTMSI/STM32Cube/Repository/\en.prom-stm32c071-usb-memories-mcu-finder.png
2024-11-28 06:29:07,135 [INFO] MainUpdater:2671 - connection check result : 10
2024-11-28 06:29:07,135 [INFO] MainUpdater:2671 - connection check result : 10
2024-11-28 06:29:07,185 [INFO] MicroXplorer:448 - Change Database Path : 
2024-11-28 06:29:07,185 [INFO] MicroXplorer:478 - Change Database Version : DB.6.0.30
2024-11-28 06:29:07,185 [WARN] ThirdParty:813 - waiting for thirdparty lock release [close project]
2024-11-28 06:29:07,185 [INFO] ThirdParty:815 - entering critical section [close project]
2024-11-28 06:29:07,185 [INFO] ThirdParty:825 - exiting critical section [close project]
2024-11-28 06:29:07,185 [INFO] PinOutPanel:1463 - setPackage(No Configuration,No Configuration)
2024-11-28 06:29:07,185 [INFO] UtilMem:74 - Begin LoadConfig() Used Memory: 866591096 Bytes (1073741824)
2024-11-28 06:29:07,185 [INFO] MicroXplorer:448 - Change Database Path : 
2024-11-28 06:29:07,185 [INFO] MicroXplorer:478 - Change Database Version : DB.6.0.30
2024-11-28 06:29:07,185 [INFO] OpenFileManager:313 - Change cursor
2024-11-28 06:29:07,840 [INFO] Context:592 - Trying to add GPIOservice into a context  which must be forbidden
2024-11-28 06:29:08,029 [INFO] ImportTextPane:167 - (OptionalMessage_ERROR) Unable to find key (Mcu.ThirdPartyNb) in loaded IOC file
2024-11-28 06:29:08,029 [INFO] ImportTextPane:167 - (OptionalMessage_ERROR) Unable to find key (Mcu.PinsNb) in loaded IOC file
2024-11-28 06:29:08,029 [INFO] ImportTextPane:167 - (OptionalMessage_ERROR) Unable to find key (Mcu.IPNb) in loaded IOC file
2024-11-28 06:29:08,060 [WARN] ApiManager:304 - Cannot register API 'Board Extension:NFC09A1' from pack STMicroelectronics.X-CUBE-NFC9.1.0.0: no header file found
2024-11-28 06:29:08,077 [WARN] ApiManager:304 - Cannot register API 'Wireless:STM32WB05N' from pack STMicroelectronics.X-CUBE-WB05N.1.1.0: no header file found
2024-11-28 06:29:08,077 [WARN] ApiManager:304 - Cannot register API 'Board Extension:GNSS1A1' from pack STMicroelectronics.X-CUBE-GNSS1.7.0.0: no header file found
2024-11-28 06:29:08,077 [WARN] ApiManager:304 - Cannot register API 'Board Support:Custom' from pack STMicroelectronics.X-CUBE-GNSS1.7.0.0: no header file found
2024-11-28 06:29:08,077 [WARN] ApiManager:304 - Cannot register API 'Data Exchange:lib_gnss' from pack STMicroelectronics.X-CUBE-GNSS1.7.0.0: no header file found
2024-11-28 06:29:08,077 [WARN] ApiManager:304 - Cannot register API 'Board Extension:NFC06A1' from pack STMicroelectronics.X-CUBE-NFC6.3.1.0: no header file found
2024-11-28 06:29:08,077 [WARN] ApiManager:304 - Cannot register API 'Board Extension:NFC08A1' from pack STMicroelectronics.X-CUBE-NFC6.3.1.0: no header file found
2024-11-28 06:29:08,202 [WARN] ApiManager:304 - Cannot register API 'Board Extension:IKS01A3' from pack STMicroelectronics.X-CUBE-MEMS1.11.0.0: no header file found
2024-11-28 06:29:08,202 [WARN] ApiManager:304 - Cannot register API 'Board Extension:IKS02A1' from pack STMicroelectronics.X-CUBE-MEMS1.11.0.0: no header file found
2024-11-28 06:29:08,202 [WARN] ApiManager:304 - Cannot register API 'Board Extension:IKS4A1' from pack STMicroelectronics.X-CUBE-MEMS1.11.0.0: no header file found
2024-11-28 06:29:08,217 [INFO] RtosManager:484 - Registered RTOS mode: class=CMSIS, group=RTOS, mode=CMSIS_V1, owner=FREERTOS
2024-11-28 06:29:08,217 [INFO] RtosManager:484 - Registered RTOS mode: class=CMSIS, group=RTOS2, mode=CMSIS_V2, owner=FREERTOS
2024-11-28 06:29:08,217 [INFO] RtosManager:484 - Registered RTOS mode: class=RTOS, group=Core, mode=CMSIS_V1, owner=FREERTOS
2024-11-28 06:29:08,217 [INFO] RtosManager:484 - Registered RTOS mode: class=RTOS, group=Core, mode=CMSIS_V2, owner=FREERTOS
2024-11-28 06:29:08,217 [WARN] ModelIntegratedComponent:181 - Missing modes for component STMicroelectronics:FreeRTOS:0.0.1:STMicroelectronics:RTOS:FreeRTOS:Core:::10.2.0:
2024-11-28 06:29:08,217 [WARN] ApiManager:304 - Cannot register API 'Board Extension:STSAFEA1' from pack STMicroelectronics.X-CUBE-SAFEA1.1.2.2: no header file found
2024-11-28 06:29:08,217 [WARN] ApiManager:304 - Cannot register API 'Board Part:STSAFEA110' from pack STMicroelectronics.X-CUBE-SAFEA1.1.2.2: no header file found
2024-11-28 06:29:08,217 [WARN] ApiManager:304 - Cannot register API 'Security:ST_Cryptolib' from pack STMicroelectronics.X-CUBE-SAFEA1.1.2.2: no header file found
2024-11-28 06:29:08,217 [WARN] ApiManager:304 - Cannot register API 'Security:MbedTLS' from pack STMicroelectronics.X-CUBE-SAFEA1.1.2.2: no header file found
2024-11-28 06:29:08,217 [WARN] ApiManager:304 - Cannot register API 'Board Extension:NFC04A1' from pack STMicroelectronics.X-CUBE-NFC4.3.0.0: no header file found
2024-11-28 06:29:08,217 [WARN] ApiManager:304 - Cannot register API 'Board Extension:S2868A1' from pack STMicroelectronics.X-CUBE-SUBG2.5.0.0: no header file found
2024-11-28 06:29:08,217 [WARN] ApiManager:304 - Cannot register API 'Board Extension:S2868A2' from pack STMicroelectronics.X-CUBE-SUBG2.5.0.0: no header file found
2024-11-28 06:29:08,217 [WARN] ApiManager:304 - Cannot register API 'Board Extension:S2915A1' from pack STMicroelectronics.X-CUBE-SUBG2.5.0.0: no header file found
2024-11-28 06:29:08,217 [WARN] ApiManager:304 - Cannot register API 'Wireless:BlueNRG-MS' from pack STMicroelectronics.X-CUBE-BLE1.7.0.0: no header file found
2024-11-28 06:29:08,217 [WARN] ApiManager:304 - Cannot register API 'Board Extension:NFC10A1' from pack STMicroelectronics.X-CUBE-NFC10.1.0.0: no header file found
2024-11-28 06:29:08,217 [WARN] ApiManager:304 - Cannot register API 'Board Extension:EEPRMA2' from pack STMicroelectronics.X-CUBE-EEPRMA1.5.1.0: no header file found
2024-11-28 06:29:08,217 [WARN] ApiManager:304 - Cannot register API 'Board Extension:PGEEZ1' from pack STMicroelectronics.X-CUBE-EEPRMA1.5.1.0: no header file found
2024-11-28 06:29:08,217 [WARN] ApiManager:304 - Cannot register API 'Board Extension:EEICA1' from pack STMicroelectronics.X-CUBE-EEPRMA1.5.1.0: no header file found
2024-11-28 06:29:08,217 [WARN] ApiManager:304 - Cannot register API 'Board Part:M24' from pack STMicroelectronics.X-CUBE-EEPRMA1.5.1.0: no header file found
2024-11-28 06:29:08,217 [WARN] ApiManager:304 - Cannot register API 'Board Part:M95' from pack STMicroelectronics.X-CUBE-EEPRMA1.5.1.0: no header file found
2024-11-28 06:29:08,217 [WARN] ApiManager:304 - Cannot register API 'Board Part:M95P32' from pack STMicroelectronics.X-CUBE-EEPRMA1.5.1.0: no header file found
2024-11-28 06:29:08,217 [WARN] ApiManager:304 - Cannot register API 'Board Part:M24256E-F' from pack STMicroelectronics.X-CUBE-EEPRMA1.5.1.0: no header file found
2024-11-28 06:29:08,217 [WARN] ApiManager:304 - Cannot register API 'Board Part:M24M01E-F' from pack STMicroelectronics.X-CUBE-EEPRMA1.5.1.0: no header file found
2024-11-28 06:29:08,217 [WARN] ApiManager:304 - Cannot register API 'PGEEZ1:SPI' from pack STMicroelectronics.X-CUBE-EEPRMA1.5.1.0: no header file found
2024-11-28 06:29:08,217 [WARN] ApiManager:304 - Cannot register API 'PGEEZ1:QDSPI' from pack STMicroelectronics.X-CUBE-EEPRMA1.5.1.0: no header file found
2024-11-28 06:29:08,233 [WARN] ModelIntegratedComponent:60 - No mode defined for component null
2024-11-28 06:29:08,233 [WARN] ModelIntegratedComponent:60 - No mode defined for component null
2024-11-28 06:29:08,233 [WARN] ModelIntegratedComponent:60 - No mode defined for component null
2024-11-28 06:29:08,233 [WARN] ModelIntegratedComponent:60 - No mode defined for component null
2024-11-28 06:29:08,233 [WARN] ModelIntegratedComponent:60 - No mode defined for component null
2024-11-28 06:29:08,233 [WARN] ModelIntegratedComponent:60 - No mode defined for component null
2024-11-28 06:29:08,233 [WARN] ModelIntegratedComponent:60 - No mode defined for component null
2024-11-28 06:29:08,233 [WARN] ModelIntegratedComponent:60 - No mode defined for component null
2024-11-28 06:29:08,233 [WARN] ModelIntegratedComponent:60 - No mode defined for component null
2024-11-28 06:29:08,233 [WARN] ModelIntegratedComponent:60 - No mode defined for component null
2024-11-28 06:29:08,233 [WARN] ModelIntegratedComponent:60 - No mode defined for component null
2024-11-28 06:29:08,233 [WARN] ModelIntegratedComponent:60 - No mode defined for component null
2024-11-28 06:29:08,233 [WARN] ModelIntegratedComponent:60 - No mode defined for component null
2024-11-28 06:29:08,233 [WARN] ModelIntegratedComponent:60 - No mode defined for component null
2024-11-28 06:29:08,233 [WARN] ModelIntegratedComponent:60 - No mode defined for component null
2024-11-28 06:29:08,233 [WARN] ModelIntegratedComponent:60 - No mode defined for component null
2024-11-28 06:29:08,233 [WARN] ModelIntegratedComponent:60 - No mode defined for component null
2024-11-28 06:29:08,233 [WARN] ModelIntegratedComponent:60 - No mode defined for component null
2024-11-28 06:29:08,233 [WARN] ModelIntegratedComponent:60 - No mode defined for component null
2024-11-28 06:29:08,233 [WARN] ModelIntegratedComponent:60 - No mode defined for component null
2024-11-28 06:29:08,233 [WARN] ModelIntegratedComponent:60 - No mode defined for component null
2024-11-28 06:29:08,233 [WARN] ModelIntegratedComponent:60 - No mode defined for component null
2024-11-28 06:29:08,233 [WARN] ModelIntegratedComponent:60 - No mode defined for component null
2024-11-28 06:29:08,233 [WARN] ModelIntegratedComponent:60 - No mode defined for component null
2024-11-28 06:29:08,233 [WARN] ModelIntegratedComponent:60 - No mode defined for component null
2024-11-28 06:29:08,233 [WARN] ModelIntegratedComponent:60 - No mode defined for component null
2024-11-28 06:29:08,233 [WARN] ModelIntegratedComponent:60 - No mode defined for component null
2024-11-28 06:29:08,233 [WARN] ModelIntegratedComponent:60 - No mode defined for component null
2024-11-28 06:29:08,233 [WARN] ModelIntegratedComponent:60 - No mode defined for component null
2024-11-28 06:29:08,233 [WARN] ModelIntegratedComponent:60 - No mode defined for component null
2024-11-28 06:29:08,233 [WARN] ModelIntegratedComponent:60 - No mode defined for component null
2024-11-28 06:29:08,233 [WARN] ApiManager:304 - Cannot register API 'Board Extension:NFC07A1' from pack STMicroelectronics.X-CUBE-NFC7.1.0.1: no header file found
2024-11-28 06:29:08,233 [WARN] ApiManager:304 - Cannot register API 'Board Extension:S2868A1' from pack STMicroelectronics.X-CUBE-SFXS2LP1.4.0.0: no header file found
2024-11-28 06:29:08,233 [WARN] ApiManager:304 - Cannot register API 'Board Extension:S2868A2' from pack STMicroelectronics.X-CUBE-SFXS2LP1.4.0.0: no header file found
2024-11-28 06:29:08,233 [WARN] ApiManager:304 - Cannot register API 'Board Extension:S2915A1' from pack STMicroelectronics.X-CUBE-SFXS2LP1.4.0.0: no header file found
2024-11-28 06:29:08,233 [WARN] ApiManager:304 - Cannot register API 'Wireless:BlueNRG-2' from pack STMicroelectronics.X-CUBE-BLE2.3.3.0: no header file found
2024-11-28 06:29:09,419 [INFO] UtilMem:74 - End LoadConfig() Used Memory: 882075648 Bytes (1073741824)
2024-11-28 06:29:09,419 [WARN] ThirdParty:779 - waiting for thirdparty lock release [change project]
2024-11-28 06:29:09,419 [INFO] ThirdParty:781 - entering critical section [change project]
2024-11-28 06:29:09,419 [INFO] ThirdParty:967 - CMSIS Pack Vendor :STMicroelectronics X-CUBE-AZRTOS-H7 3.3.0
2024-11-28 06:29:09,419 [INFO] ThirdParty:967 - CMSIS Pack Vendor :STMicroelectronics X-CUBE-NFC9 1.0.0
2024-11-28 06:29:09,419 [INFO] ThirdParty:967 - CMSIS Pack Vendor :STMicroelectronics USB_HOST 2.0.0
2024-11-28 06:29:09,419 [INFO] ThirdParty:967 - CMSIS Pack Vendor :STMicroelectronics X-CUBE-AZRTOS-F4 1.1.0
2024-11-28 06:29:09,419 [INFO] ThirdParty:967 - CMSIS Pack Vendor :STMicroelectronics FP-ATR-ASTRA1 2.0.1
2024-11-28 06:29:09,419 [INFO] ThirdParty:967 - CMSIS Pack Vendor :STMicroelectronics X-CUBE-WB05N 1.1.0
2024-11-28 06:29:09,419 [INFO] ThirdParty:967 - CMSIS Pack Vendor :STMicroelectronics USB_DEVICE 3.0.0
2024-11-28 06:29:09,419 [INFO] ThirdParty:967 - CMSIS Pack Vendor :STMicroelectronics X-CUBE-ISPU 2.1.0
2024-11-28 06:29:09,419 [INFO] ThirdParty:967 - CMSIS Pack Vendor :STMicroelectronics X-CUBE-AZRTOS-WB 2.0.0
2024-11-28 06:29:09,419 [INFO] ThirdParty:967 - CMSIS Pack Vendor :STMicroelectronics X-CUBE-GNSS1 7.0.0
2024-11-28 06:29:09,419 [INFO] ThirdParty:967 - CMSIS Pack Vendor :STMicroelectronics X-CUBE-AZRTOS-F7 1.1.0
2024-11-28 06:29:09,419 [INFO] ThirdParty:967 - CMSIS Pack Vendor :STMicroelectronics X-CUBE-AZRTOS-L5 2.0.0
2024-11-28 06:29:09,419 [INFO] ThirdParty:967 - CMSIS Pack Vendor :STMicroelectronics USB_DEVICE 2.0.0
2024-11-28 06:29:09,419 [INFO] ThirdParty:967 - CMSIS Pack Vendor :STMicroelectronics X-CUBE-NFC6 3.1.0
2024-11-28 06:29:09,419 [INFO] ThirdParty:967 - CMSIS Pack Vendor :STMicroelectronics X-CUBE-MEMS1 11.0.0
2024-11-28 06:29:09,419 [INFO] ThirdParty:967 - CMSIS Pack Vendor :STMicroelectronics FreeRTOS 0.0.1
2024-11-28 06:29:09,419 [INFO] ThirdParty:967 - CMSIS Pack Vendor :STMicroelectronics X-CUBE-AZRTOS-G0 1.1.0
2024-11-28 06:29:09,419 [INFO] ThirdParty:967 - CMSIS Pack Vendor :STMicroelectronics X-CUBE-SAFEA1 1.2.2
2024-11-28 06:29:09,419 [INFO] ThirdParty:967 - CMSIS Pack Vendor :STMicroelectronics X-CUBE-NFC4 3.0.0
2024-11-28 06:29:09,419 [INFO] ThirdParty:967 - CMSIS Pack Vendor :STMicroelectronics X-CUBE-SUBG2 5.0.0
2024-11-28 06:29:09,419 [INFO] ThirdParty:967 - CMSIS Pack Vendor :STMicroelectronics lwIP 2.0.3
2024-11-28 06:29:09,419 [INFO] ThirdParty:967 - CMSIS Pack Vendor :STMicroelectronics USB_HOST 1.0.0
2024-11-28 06:29:09,419 [INFO] ThirdParty:967 - CMSIS Pack Vendor :STMicroelectronics X-CUBE-AZRTOS-G4 2.0.0
2024-11-28 06:29:09,419 [INFO] ThirdParty:967 - CMSIS Pack Vendor :STMicroelectronics PDM2PCM 3.1.0
2024-11-28 06:29:09,419 [INFO] ThirdParty:967 - CMSIS Pack Vendor :STMicroelectronics PDM2PCM 3.3.0
2024-11-28 06:29:09,419 [INFO] ThirdParty:967 - CMSIS Pack Vendor :STMicroelectronics X-CUBE-BLE1 7.0.0
2024-11-28 06:29:09,419 [INFO] ThirdParty:967 - CMSIS Pack Vendor :STMicroelectronics FP-ATR-SIGFOX1 3.2.0
2024-11-28 06:29:09,419 [INFO] ThirdParty:967 - CMSIS Pack Vendor :STMicroelectronics X-CUBE-NFC10 1.0.0
2024-11-28 06:29:09,419 [INFO] ThirdParty:967 - CMSIS Pack Vendor :wolfSSL I-CUBE-wolfSSL 5.7.2
2024-11-28 06:29:09,419 [INFO] ThirdParty:967 - CMSIS Pack Vendor :STMicroelectronics X-CUBE-EEPRMA1 5.1.0
2024-11-28 06:29:09,419 [INFO] ThirdParty:967 - CMSIS Pack Vendor :STMicroelectronics HAL Drivers 0.0.0
2024-11-28 06:29:09,419 [INFO] ThirdParty:967 - CMSIS Pack Vendor :STMicroelectronics MBEDTLS 2.16.2
2024-11-28 06:29:09,419 [INFO] ThirdParty:967 - CMSIS Pack Vendor :STMicroelectronics X-CUBE-NFC7 1.0.1
2024-11-28 06:29:09,419 [INFO] ThirdParty:967 - CMSIS Pack Vendor :STMicroelectronics MBEDTLS 2.14.1
2024-11-28 06:29:09,419 [INFO] ThirdParty:967 - CMSIS Pack Vendor :STMicroelectronics X-CUBE-TOUCHGFX 4.24.1
2024-11-28 06:29:09,419 [INFO] ThirdParty:967 - CMSIS Pack Vendor :wolfSSL I-CUBE-wolfTPM 3.4.0
2024-11-28 06:29:09,419 [INFO] ThirdParty:967 - CMSIS Pack Vendor :portGmbH I-Cube-SoM-uGOAL 1.1.0
2024-11-28 06:29:09,419 [INFO] ThirdParty:967 - CMSIS Pack Vendor :STMicroelectronics X-CUBE-AZRTOS-WL 2.0.0
2024-11-28 06:29:09,419 [INFO] ThirdParty:967 - CMSIS Pack Vendor :SEGGER I-CUBE-embOS 1.3.1
2024-11-28 06:29:09,419 [INFO] ThirdParty:967 - CMSIS Pack Vendor :STMicroelectronics X-CUBE-ALGOBUILD 1.4.0
2024-11-28 06:29:09,419 [INFO] ThirdParty:967 - CMSIS Pack Vendor :STMicroelectronics USB_DEVICE 1.0.0
2024-11-28 06:29:09,419 [INFO] ThirdParty:967 - CMSIS Pack Vendor :STMicroelectronics X-CUBE-AZRTOS-H7RS 1.0.0
2024-11-28 06:29:09,419 [INFO] ThirdParty:967 - CMSIS Pack Vendor :wolfSSL I-CUBE-wolfMQTT 1.19.0
2024-11-28 06:29:09,419 [INFO] ThirdParty:967 - CMSIS Pack Vendor :STMicroelectronics X-CUBE-AZRTOS-L4 2.0.0
2024-11-28 06:29:09,419 [INFO] ThirdParty:967 - CMSIS Pack Vendor :STMicroelectronics ThreadX 0.0.2
2024-11-28 06:29:09,419 [INFO] ThirdParty:967 - CMSIS Pack Vendor :WES I-CUBE-Cesium 1.3.0
2024-11-28 06:29:09,419 [INFO] ThirdParty:967 - CMSIS Pack Vendor :STMicroelectronics FP-ATR-ASTRA1 2.0.0
2024-11-28 06:29:09,419 [INFO] ThirdParty:967 - CMSIS Pack Vendor :STMicroelectronics lwIP 2.1.2
2024-11-28 06:29:09,419 [INFO] ThirdParty:967 - CMSIS Pack Vendor :STMicroelectronics X-CUBE-SFXS2LP1 4.0.0
2024-11-28 06:29:09,419 [INFO] ThirdParty:967 - CMSIS Pack Vendor :STMicroelectronics X-CUBE-BLE2 3.3.0
2024-11-28 06:29:09,419 [INFO] ThirdParty:967 - CMSIS Pack Vendor :STMicroelectronics X-CUBE-AI 9.1.0
2024-11-28 06:29:09,419 [INFO] ThirdParty:967 - CMSIS Pack Vendor :STMicroelectronics PDM2PCM 3.2.0
2024-11-28 06:29:09,419 [INFO] ThirdParty:967 - CMSIS Pack Vendor :wolfSSL I-CUBE-wolfSSH 1.4.17
2024-11-28 06:29:09,419 [INFO] ThirdParty:787 - exiting critical section [change project]
2024-11-28 06:29:09,590 [INFO] PinOutPanel:1463 - setPackage(No Configuration,No Configuration)
2024-11-28 06:29:09,590 [INFO] PinOutPanel:1463 - setPackage(STM32F103C6Ux,UFQFPN48)
2024-11-28 06:29:09,857 [INFO] UtilMem:74 - Before build in PCC Used Memory: 844938920 Bytes (1073741824)
2024-11-28 06:29:10,266 [INFO] UtilMem:74 - After build in PCC Used Memory: 924104360 Bytes (1073741824)
2024-11-28 06:29:10,266 [INFO] IPUIPlugin:74 - create IPUIPlugin
2024-11-28 06:29:10,266 [INFO] IPUIPlugin:74 - create IPUIPlugin
2024-11-28 06:29:10,266 [INFO] IPUIPlugin:74 - create IPUIPlugin
2024-11-28 06:29:10,266 [INFO] IPUIPlugin:74 - create IPUIPlugin
2024-11-28 06:29:10,266 [INFO] IPUIPlugin:74 - create IPUIPlugin
2024-11-28 06:29:10,266 [INFO] IPUIPlugin:74 - create IPUIPlugin
2024-11-28 06:29:10,266 [INFO] IPUIPlugin:74 - create IPUIPlugin
2024-11-28 06:29:10,266 [INFO] IPUIPlugin:74 - create IPUIPlugin
2024-11-28 06:29:10,266 [INFO] IPUIPlugin:74 - create IPUIPlugin
2024-11-28 06:29:10,266 [INFO] IPUIPlugin:74 - create IPUIPlugin
2024-11-28 06:29:10,266 [INFO] IPUIPlugin:74 - create IPUIPlugin
2024-11-28 06:29:10,266 [INFO] IPUIPlugin:74 - create IPUIPlugin
2024-11-28 06:29:10,266 [INFO] IPUIPlugin:74 - create IPUIPlugin
2024-11-28 06:29:10,281 [INFO] IPUIPlugin:74 - create IPUIPlugin
2024-11-28 06:29:10,281 [INFO] IPUIPlugin:74 - create IPUIPlugin
2024-11-28 06:29:10,281 [INFO] IPUIPlugin:74 - create IPUIPlugin
2024-11-28 06:29:10,281 [INFO] IPUIPlugin:74 - create IPUIPlugin
2024-11-28 06:29:10,281 [INFO] IPUIPlugin:74 - create IPUIPlugin
2024-11-28 06:29:10,281 [INFO] IPUIPlugin:74 - create IPUIPlugin
2024-11-28 06:29:10,281 [INFO] IPUIPlugin:74 - create IPUIPlugin
2024-11-28 06:29:10,281 [INFO] IPUIPlugin:74 - create IPUIPlugin
2024-11-28 06:29:10,281 [INFO] IPUIPlugin:74 - create IPUIPlugin
2024-11-28 06:29:10,281 [INFO] IPUIPlugin:74 - create IPUIPlugin
2024-11-28 06:29:10,360 [INFO] OpenFileManager:333 - Restore cursor
2024-11-28 06:29:10,561 [INFO] UtilMem:74 - End SaveConfig() Used Memory: 861451600 Bytes (1073741824)
2024-11-28 06:29:10,597 [INFO] UtilMem:74 - End SaveConfig() Used Memory: 874034512 Bytes (1073741824)
2024-11-28 06:29:10,816 [INFO] BlockDiagram:2740 - set Specific Code input for plugin: NVIC
2024-11-28 06:29:10,816 [INFO] BlockDiagram:2740 - set Specific Code input for plugin: SYS
2024-11-28 06:29:10,816 [INFO] BlockDiagram:2740 - set Specific Code input for plugin: RCC
2024-11-28 06:29:10,816 [INFO] CodeGenerator:663 - code generatio: config db path: C:\ST\STM32CubeIDE_1.7.0\STM32CubeIDE\plugins\com.st.stm32cube.common.mx_6.3.0.202107141111\\db\
2024-11-28 06:29:11,036 [INFO] CodeEngine:239 - oldGeneratedFile, D:\LAB VXL\Lab3_Git\Lab_3\MXTmpFiles\license.tmp_save
2024-11-28 06:29:11,336 [INFO] CodeEngine:257 - Generated code: D:\LAB VXL\Lab3_Git\Lab_3\MXTmpFiles\license.tmp
2024-11-28 06:29:11,430 [INFO] CodeEngine:239 - oldGeneratedFile, D:\LAB VXL\Lab3_Git\Lab_3\Core\Src\stm32f1xx_it.c_save
2024-11-28 06:29:11,524 [INFO] CodeEngine:257 - Generated code: D:\LAB VXL\Lab3_Git\Lab_3\Core\Src\stm32f1xx_it.c
2024-11-28 06:29:11,540 [INFO] CodeEngine:239 - oldGeneratedFile, D:\LAB VXL\Lab3_Git\Lab_3\Core\Inc\stm32f1xx_it.h_save
2024-11-28 06:29:11,592 [INFO] CodeEngine:257 - Generated code: D:\LAB VXL\Lab3_Git\Lab_3\Core\Inc\stm32f1xx_it.h
2024-11-28 06:29:11,603 [INFO] CodeEngine:239 - oldGeneratedFile, D:\LAB VXL\Lab3_Git\Lab_3\Core\Src\stm32f1xx_hal_msp.c_save
2024-11-28 06:29:11,698 [INFO] CodeEngine:257 - Generated code: D:\LAB VXL\Lab3_Git\Lab_3\Core\Src\stm32f1xx_hal_msp.c
2024-11-28 06:29:11,698 [INFO] CodeEngine:239 - oldGeneratedFile, D:\LAB VXL\Lab3_Git\Lab_3\MXTmpFiles\system.tmp_save
2024-11-28 06:29:11,745 [INFO] CodeEngine:257 - Generated code: D:\LAB VXL\Lab3_Git\Lab_3\MXTmpFiles\system.tmp
2024-11-28 06:29:11,760 [INFO] CodeEngine:239 - oldGeneratedFile, D:\LAB VXL\Lab3_Git\Lab_3\Core\Inc\stm32f1xx_hal_conf.h_save
2024-11-28 06:29:11,823 [INFO] CodeEngine:257 - Generated code: D:\LAB VXL\Lab3_Git\Lab_3\Core\Inc\stm32f1xx_hal_conf.h
2024-11-28 06:29:11,870 [INFO] CodeEngine:239 - oldGeneratedFile, D:\LAB VXL\Lab3_Git\Lab_3\Core\Inc\main.h_save
2024-11-28 06:29:11,933 [INFO] CodeEngine:257 - Generated code: D:\LAB VXL\Lab3_Git\Lab_3\Core\Inc\main.h
2024-11-28 06:29:11,933 [INFO] CodeEngine:239 - oldGeneratedFile, D:\LAB VXL\Lab3_Git\Lab_3\Core\Src\main.c_save
2024-11-28 06:29:12,013 [INFO] CodeEngine:257 - Generated code: D:\LAB VXL\Lab3_Git\Lab_3\Core\Src\main.c
2024-11-28 06:29:12,878 [INFO] ProjectBuilder:2578 - Time for Copy HAL[1] : 48mS.
2024-11-28 06:29:12,878 [INFO] ProjectBuilder:3622 - Project Generator version: 3.14.1
2024-11-28 06:29:13,224 [INFO] ConfigFileManager:1271 - The Die is : DIE412
2024-11-28 06:29:13,239 [INFO] ApiDbMcu:468 - Load IP Config File for FATFS
2024-11-28 06:29:13,271 [INFO] ApiDbMcu:468 - Load IP Config File for FREERTOS
2024-11-28 06:29:13,295 [INFO] ApiDbMcu:468 - Load IP Config File for USB_DEVICE
2024-11-28 06:29:17,702 [INFO] ProjectBuilder:3789 - Time for Generating toolchain IDE Files: 4824mS.
2024-11-28 06:29:17,702 [INFO] ProjectBuilder:2457 - Time for Copy CMSIS : 0mS.
2024-11-28 06:29:17,702 [INFO] ProjectBuilder:2457 - Time for Copy CMSIS : 0mS.
2024-11-28 06:29:18,701 [INFO] McuFinderGlobals:52 - Set McuFinderConnectedMode to true
2024-11-28 06:29:18,701 [INFO] ApiDb:276 - Save user favorites file C:\Users\FPTMSI/.stm32cubeide/favorites.mcus.txt: 0 item(s)
2024-11-28 06:29:18,701 [INFO] ApiDb:280 - User favorites MCUs=[]
